{"/mnt/c/Users/joeyj/Desktop/491/CovidMemories/public/Playlist.js": {"path":"/mnt/c/Users/joeyj/Desktop/491/CovidMemories/public/Playlist.js","statementMap":{"0":{"start":{"line":13,"column":8},"end":{"line":13,"column":25}},"1":{"start":{"line":14,"column":8},"end":{"line":14,"column":23}},"2":{"start":{"line":15,"column":8},"end":{"line":15,"column":23}},"3":{"start":{"line":16,"column":8},"end":{"line":16,"column":39}},"4":{"start":{"line":17,"column":8},"end":{"line":17,"column":69}},"5":{"start":{"line":18,"column":8},"end":{"line":18,"column":27}},"6":{"start":{"line":20,"column":8},"end":{"line":28,"column":9}},"7":{"start":{"line":21,"column":27},"end":{"line":21,"column":69}},"8":{"start":{"line":22,"column":12},"end":{"line":22,"column":35}},"9":{"start":{"line":24,"column":12},"end":{"line":27,"column":13}},"10":{"start":{"line":25,"column":16},"end":{"line":25,"column":54}},"11":{"start":{"line":26,"column":16},"end":{"line":26,"column":54}},"12":{"start":{"line":33,"column":28},"end":{"line":33,"column":33}},"13":{"start":{"line":35,"column":8},"end":{"line":37,"column":9}},"14":{"start":{"line":36,"column":12},"end":{"line":36,"column":34}},"15":{"start":{"line":39,"column":8},"end":{"line":39,"column":39}},"16":{"start":{"line":41,"column":26},"end":{"line":41,"column":42}},"17":{"start":{"line":42,"column":8},"end":{"line":44,"column":9}},"18":{"start":{"line":42,"column":21},"end":{"line":42,"column":33}},"19":{"start":{"line":43,"column":12},"end":{"line":43,"column":35}},"20":{"start":{"line":49,"column":22},"end":{"line":49,"column":38}},"21":{"start":{"line":50,"column":8},"end":{"line":52,"column":9}},"22":{"start":{"line":50,"column":21},"end":{"line":50,"column":29}},"23":{"start":{"line":51,"column":12},"end":{"line":51,"column":35}},"24":{"start":{"line":57,"column":25},"end":{"line":57,"column":56}},"25":{"start":{"line":59,"column":8},"end":{"line":59,"column":83}},"26":{"start":{"line":60,"column":8},"end":{"line":63,"column":9}},"27":{"start":{"line":61,"column":27},"end":{"line":61,"column":77}},"28":{"start":{"line":62,"column":12},"end":{"line":62,"column":35}},"29":{"start":{"line":68,"column":8},"end":{"line":73,"column":9}},"30":{"start":{"line":69,"column":24},"end":{"line":69,"column":36}},"31":{"start":{"line":70,"column":12},"end":{"line":72,"column":13}},"32":{"start":{"line":71,"column":16},"end":{"line":71,"column":39}},"33":{"start":{"line":78,"column":8},"end":{"line":78,"column":21}},"34":{"start":{"line":79,"column":8},"end":{"line":81,"column":9}},"35":{"start":{"line":80,"column":12},"end":{"line":80,"column":35}},"36":{"start":{"line":87,"column":23},"end":{"line":87,"column":37}},"37":{"start":{"line":89,"column":8},"end":{"line":91,"column":9}},"38":{"start":{"line":90,"column":12},"end":{"line":90,"column":23}},"39":{"start":{"line":93,"column":8},"end":{"line":95,"column":9}},"40":{"start":{"line":94,"column":12},"end":{"line":94,"column":25}},"41":{"start":{"line":97,"column":8},"end":{"line":97,"column":31}},"42":{"start":{"line":98,"column":8},"end":{"line":98,"column":20}},"43":{"start":{"line":104,"column":23},"end":{"line":104,"column":37}},"44":{"start":{"line":106,"column":8},"end":{"line":108,"column":9}},"45":{"start":{"line":107,"column":12},"end":{"line":107,"column":23}},"46":{"start":{"line":110,"column":8},"end":{"line":112,"column":9}},"47":{"start":{"line":111,"column":12},"end":{"line":111,"column":25}},"48":{"start":{"line":114,"column":8},"end":{"line":114,"column":31}},"49":{"start":{"line":115,"column":8},"end":{"line":115,"column":20}},"50":{"start":{"line":120,"column":8},"end":{"line":120,"column":38}},"51":{"start":{"line":121,"column":8},"end":{"line":121,"column":30}},"52":{"start":{"line":122,"column":8},"end":{"line":122,"column":37}},"53":{"start":{"line":127,"column":8},"end":{"line":127,"column":37}},"54":{"start":{"line":132,"column":8},"end":{"line":132,"column":38}},"55":{"start":{"line":137,"column":8},"end":{"line":139,"column":9}},"56":{"start":{"line":138,"column":12},"end":{"line":138,"column":33}},"57":{"start":{"line":140,"column":8},"end":{"line":140,"column":23}},"58":{"start":{"line":145,"column":8},"end":{"line":147,"column":9}},"59":{"start":{"line":146,"column":12},"end":{"line":146,"column":41}},"60":{"start":{"line":152,"column":8},"end":{"line":154,"column":9}},"61":{"start":{"line":153,"column":12},"end":{"line":153,"column":44}},"62":{"start":{"line":159,"column":8},"end":{"line":161,"column":9}},"63":{"start":{"line":160,"column":12},"end":{"line":160,"column":42}},"64":{"start":{"line":166,"column":8},"end":{"line":168,"column":9}},"65":{"start":{"line":167,"column":12},"end":{"line":167,"column":39}}},"fnMap":{"0":{"name":"(anonymous_0)","decl":{"start":{"line":12,"column":4},"end":{"line":12,"column":5}},"loc":{"start":{"line":12,"column":40},"end":{"line":29,"column":5}},"line":12},"1":{"name":"(anonymous_1)","decl":{"start":{"line":32,"column":4},"end":{"line":32,"column":5}},"loc":{"start":{"line":32,"column":18},"end":{"line":45,"column":5}},"line":32},"2":{"name":"(anonymous_2)","decl":{"start":{"line":48,"column":4},"end":{"line":48,"column":5}},"loc":{"start":{"line":48,"column":18},"end":{"line":53,"column":5}},"line":48},"3":{"name":"(anonymous_3)","decl":{"start":{"line":56,"column":4},"end":{"line":56,"column":5}},"loc":{"start":{"line":56,"column":23},"end":{"line":64,"column":5}},"line":56},"4":{"name":"(anonymous_4)","decl":{"start":{"line":67,"column":4},"end":{"line":67,"column":5}},"loc":{"start":{"line":67,"column":15},"end":{"line":74,"column":5}},"line":67},"5":{"name":"(anonymous_5)","decl":{"start":{"line":77,"column":4},"end":{"line":77,"column":5}},"loc":{"start":{"line":77,"column":15},"end":{"line":82,"column":5}},"line":77},"6":{"name":"(anonymous_6)","decl":{"start":{"line":86,"column":4},"end":{"line":86,"column":5}},"loc":{"start":{"line":86,"column":15},"end":{"line":99,"column":5}},"line":86},"7":{"name":"(anonymous_7)","decl":{"start":{"line":103,"column":4},"end":{"line":103,"column":5}},"loc":{"start":{"line":103,"column":15},"end":{"line":116,"column":5}},"line":103},"8":{"name":"(anonymous_8)","decl":{"start":{"line":119,"column":4},"end":{"line":119,"column":5}},"loc":{"start":{"line":119,"column":22},"end":{"line":123,"column":5}},"line":119},"9":{"name":"(anonymous_9)","decl":{"start":{"line":126,"column":4},"end":{"line":126,"column":5}},"loc":{"start":{"line":126,"column":11},"end":{"line":128,"column":5}},"line":126},"10":{"name":"(anonymous_10)","decl":{"start":{"line":131,"column":4},"end":{"line":131,"column":5}},"loc":{"start":{"line":131,"column":12},"end":{"line":133,"column":5}},"line":131},"11":{"name":"(anonymous_11)","decl":{"start":{"line":136,"column":4},"end":{"line":136,"column":5}},"loc":{"start":{"line":136,"column":12},"end":{"line":141,"column":5}},"line":136},"12":{"name":"(anonymous_12)","decl":{"start":{"line":144,"column":4},"end":{"line":144,"column":5}},"loc":{"start":{"line":144,"column":21},"end":{"line":148,"column":5}},"line":144},"13":{"name":"(anonymous_13)","decl":{"start":{"line":151,"column":4},"end":{"line":151,"column":5}},"loc":{"start":{"line":151,"column":24},"end":{"line":155,"column":5}},"line":151},"14":{"name":"(anonymous_14)","decl":{"start":{"line":158,"column":4},"end":{"line":158,"column":5}},"loc":{"start":{"line":158,"column":22},"end":{"line":162,"column":5}},"line":158},"15":{"name":"(anonymous_15)","decl":{"start":{"line":165,"column":4},"end":{"line":165,"column":5}},"loc":{"start":{"line":165,"column":19},"end":{"line":169,"column":5}},"line":165}},"branchMap":{"0":{"loc":{"start":{"line":24,"column":12},"end":{"line":27,"column":13}},"type":"if","locations":[{"start":{"line":24,"column":12},"end":{"line":27,"column":13}},{"start":{},"end":{}}],"line":24},"1":{"loc":{"start":{"line":35,"column":8},"end":{"line":37,"column":9}},"type":"if","locations":[{"start":{"line":35,"column":8},"end":{"line":37,"column":9}},{"start":{},"end":{}}],"line":35},"2":{"loc":{"start":{"line":70,"column":12},"end":{"line":72,"column":13}},"type":"if","locations":[{"start":{"line":70,"column":12},"end":{"line":72,"column":13}},{"start":{},"end":{}}],"line":70},"3":{"loc":{"start":{"line":89,"column":15},"end":{"line":89,"column":83}},"type":"binary-expr","locations":[{"start":{"line":89,"column":15},"end":{"line":89,"column":42}},{"start":{"line":89,"column":46},"end":{"line":89,"column":83}}],"line":89},"4":{"loc":{"start":{"line":93,"column":8},"end":{"line":95,"column":9}},"type":"if","locations":[{"start":{"line":93,"column":8},"end":{"line":95,"column":9}},{"start":{},"end":{}}],"line":93},"5":{"loc":{"start":{"line":106,"column":15},"end":{"line":106,"column":69}},"type":"binary-expr","locations":[{"start":{"line":106,"column":15},"end":{"line":106,"column":28}},{"start":{"line":106,"column":32},"end":{"line":106,"column":69}}],"line":106},"6":{"loc":{"start":{"line":110,"column":8},"end":{"line":112,"column":9}},"type":"if","locations":[{"start":{"line":110,"column":8},"end":{"line":112,"column":9}},{"start":{},"end":{}}],"line":110}},"s":{"0":2,"1":2,"2":2,"3":2,"4":2,"5":2,"6":2,"7":4,"8":4,"9":4,"10":0,"11":0,"12":0,"13":0,"14":0,"15":0,"16":0,"17":0,"18":0,"19":0,"20":0,"21":0,"22":0,"23":0,"24":0,"25":0,"26":0,"27":0,"28":0,"29":0,"30":0,"31":0,"32":0,"33":0,"34":0,"35":0,"36":0,"37":0,"38":0,"39":0,"40":0,"41":0,"42":0,"43":0,"44":0,"45":0,"46":0,"47":0,"48":0,"49":0,"50":1,"51":1,"52":1,"53":0,"54":1,"55":0,"56":0,"57":0,"58":0,"59":0,"60":0,"61":0,"62":0,"63":0,"64":0,"65":0},"f":{"0":2,"1":0,"2":0,"3":0,"4":0,"5":0,"6":0,"7":0,"8":1,"9":0,"10":1,"11":0,"12":0,"13":0,"14":0,"15":0},"b":{"0":[0,4],"1":[0,0],"2":[0,0],"3":[0,0],"4":[0,0],"5":[0,0],"6":[0,0]},"_coverageSchema":"1a1c01bbd47fc00a2c39e90264f33305004495a9","hash":"5833a5e37ec5912ccef76fbc37ead1cd23deeff6"}
,"/mnt/c/Users/joeyj/Desktop/491/CovidMemories/public/Row.js": {"path":"/mnt/c/Users/joeyj/Desktop/491/CovidMemories/public/Row.js","statementMap":{"0":{"start":{"line":37,"column":8},"end":{"line":37,"column":39}},"1":{"start":{"line":38,"column":8},"end":{"line":38,"column":41}},"2":{"start":{"line":39,"column":8},"end":{"line":39,"column":33}},"3":{"start":{"line":40,"column":8},"end":{"line":40,"column":50}},"4":{"start":{"line":41,"column":8},"end":{"line":41,"column":62}},"5":{"start":{"line":43,"column":8},"end":{"line":43,"column":26}},"6":{"start":{"line":44,"column":8},"end":{"line":44,"column":31}},"7":{"start":{"line":45,"column":8},"end":{"line":45,"column":30}},"8":{"start":{"line":46,"column":8},"end":{"line":46,"column":36}},"9":{"start":{"line":47,"column":8},"end":{"line":47,"column":28}},"10":{"start":{"line":48,"column":8},"end":{"line":48,"column":34}},"11":{"start":{"line":49,"column":8},"end":{"line":49,"column":32}},"12":{"start":{"line":50,"column":8},"end":{"line":50,"column":27}},"13":{"start":{"line":52,"column":8},"end":{"line":52,"column":42}},"14":{"start":{"line":54,"column":8},"end":{"line":54,"column":40}},"15":{"start":{"line":55,"column":8},"end":{"line":55,"column":30}},"16":{"start":{"line":56,"column":8},"end":{"line":56,"column":35}},"17":{"start":{"line":58,"column":8},"end":{"line":58,"column":63}},"18":{"start":{"line":60,"column":8},"end":{"line":65,"column":9}},"19":{"start":{"line":61,"column":12},"end":{"line":61,"column":38}},"20":{"start":{"line":62,"column":12},"end":{"line":62,"column":34}},"21":{"start":{"line":63,"column":12},"end":{"line":63,"column":35}},"22":{"start":{"line":64,"column":12},"end":{"line":64,"column":19}},"23":{"start":{"line":67,"column":24},"end":{"line":67,"column":49}},"24":{"start":{"line":68,"column":8},"end":{"line":71,"column":11}},"25":{"start":{"line":69,"column":12},"end":{"line":69,"column":43}},"26":{"start":{"line":70,"column":12},"end":{"line":70,"column":47}},"27":{"start":{"line":73,"column":8},"end":{"line":73,"column":60}},"28":{"start":{"line":74,"column":8},"end":{"line":74,"column":40}},"29":{"start":{"line":75,"column":8},"end":{"line":78,"column":11}},"30":{"start":{"line":77,"column":12},"end":{"line":77,"column":40}},"31":{"start":{"line":80,"column":27},"end":{"line":80,"column":49}},"32":{"start":{"line":82,"column":8},"end":{"line":82,"column":52}},"33":{"start":{"line":83,"column":8},"end":{"line":85,"column":9}},"34":{"start":{"line":84,"column":12},"end":{"line":84,"column":28}},"35":{"start":{"line":86,"column":8},"end":{"line":86,"column":52}},"36":{"start":{"line":88,"column":25},"end":{"line":88,"column":47}},"37":{"start":{"line":89,"column":8},"end":{"line":89,"column":58}},"38":{"start":{"line":91,"column":28},"end":{"line":91,"column":50}},"39":{"start":{"line":92,"column":8},"end":{"line":92,"column":45}},"40":{"start":{"line":94,"column":26},"end":{"line":94,"column":48}},"41":{"start":{"line":95,"column":8},"end":{"line":95,"column":41}},"42":{"start":{"line":97,"column":32},"end":{"line":97,"column":54}},"43":{"start":{"line":98,"column":8},"end":{"line":98,"column":53}},"44":{"start":{"line":103,"column":8},"end":{"line":103,"column":40}},"45":{"start":{"line":104,"column":8},"end":{"line":104,"column":41}},"46":{"start":{"line":105,"column":8},"end":{"line":105,"column":64}},"47":{"start":{"line":107,"column":26},"end":{"line":107,"column":48}},"48":{"start":{"line":108,"column":8},"end":{"line":108,"column":92}},"49":{"start":{"line":110,"column":8},"end":{"line":110,"column":31}},"50":{"start":{"line":111,"column":8},"end":{"line":111,"column":31}},"51":{"start":{"line":113,"column":29},"end":{"line":113,"column":51}},"52":{"start":{"line":114,"column":31},"end":{"line":114,"column":63}},"53":{"start":{"line":115,"column":8},"end":{"line":115,"column":71}},"54":{"start":{"line":116,"column":8},"end":{"line":116,"column":63}},"55":{"start":{"line":117,"column":2},"end":{"line":117,"column":55}},"56":{"start":{"line":118,"column":2},"end":{"line":118,"column":56}},"57":{"start":{"line":119,"column":8},"end":{"line":119,"column":62}},"58":{"start":{"line":121,"column":28},"end":{"line":121,"column":57}},"59":{"start":{"line":122,"column":2},"end":{"line":122,"column":42}},"60":{"start":{"line":124,"column":24},"end":{"line":124,"column":51}},"61":{"start":{"line":125,"column":28},"end":{"line":125,"column":57}},"62":{"start":{"line":126,"column":8},"end":{"line":128,"column":11}},"63":{"start":{"line":127,"column":12},"end":{"line":127,"column":50}},"64":{"start":{"line":129,"column":8},"end":{"line":129,"column":44}},"65":{"start":{"line":130,"column":8},"end":{"line":130,"column":47}},"66":{"start":{"line":132,"column":24},"end":{"line":132,"column":51}},"67":{"start":{"line":133,"column":8},"end":{"line":135,"column":11}},"68":{"start":{"line":134,"column":12},"end":{"line":134,"column":54}},"69":{"start":{"line":136,"column":8},"end":{"line":136,"column":44}},"70":{"start":{"line":137,"column":8},"end":{"line":137,"column":47}},"71":{"start":{"line":139,"column":24},"end":{"line":139,"column":51}},"72":{"start":{"line":140,"column":8},"end":{"line":143,"column":11}},"73":{"start":{"line":141,"column":12},"end":{"line":141,"column":50}},"74":{"start":{"line":142,"column":12},"end":{"line":142,"column":54}},"75":{"start":{"line":144,"column":8},"end":{"line":144,"column":44}},"76":{"start":{"line":145,"column":8},"end":{"line":145,"column":37}},"77":{"start":{"line":147,"column":8},"end":{"line":147,"column":41}},"78":{"start":{"line":148,"column":8},"end":{"line":148,"column":41}},"79":{"start":{"line":149,"column":8},"end":{"line":149,"column":41}},"80":{"start":{"line":151,"column":8},"end":{"line":151,"column":49}},"81":{"start":{"line":152,"column":8},"end":{"line":152,"column":46}},"82":{"start":{"line":157,"column":8},"end":{"line":157,"column":40}},"83":{"start":{"line":158,"column":8},"end":{"line":158,"column":30}},"84":{"start":{"line":163,"column":8},"end":{"line":163,"column":45}},"85":{"start":{"line":165,"column":8},"end":{"line":167,"column":9}},"86":{"start":{"line":166,"column":12},"end":{"line":166,"column":33}},"87":{"start":{"line":172,"column":8},"end":{"line":177,"column":9}},"88":{"start":{"line":173,"column":12},"end":{"line":173,"column":54}},"89":{"start":{"line":174,"column":12},"end":{"line":176,"column":14}},"90":{"start":{"line":175,"column":16},"end":{"line":175,"column":34}},"91":{"start":{"line":182,"column":8},"end":{"line":187,"column":9}},"92":{"start":{"line":183,"column":12},"end":{"line":183,"column":57}},"93":{"start":{"line":184,"column":12},"end":{"line":186,"column":14}},"94":{"start":{"line":185,"column":16},"end":{"line":185,"column":37}},"95":{"start":{"line":192,"column":8},"end":{"line":197,"column":9}},"96":{"start":{"line":193,"column":12},"end":{"line":193,"column":55}},"97":{"start":{"line":194,"column":12},"end":{"line":196,"column":14}},"98":{"start":{"line":195,"column":16},"end":{"line":195,"column":35}},"99":{"start":{"line":202,"column":8},"end":{"line":202,"column":52}},"100":{"start":{"line":203,"column":8},"end":{"line":205,"column":9}},"101":{"start":{"line":204,"column":12},"end":{"line":204,"column":28}},"102":{"start":{"line":210,"column":8},"end":{"line":214,"column":11}},"103":{"start":{"line":219,"column":8},"end":{"line":219,"column":59}},"104":{"start":{"line":224,"column":8},"end":{"line":224,"column":62}},"105":{"start":{"line":230,"column":24},"end":{"line":230,"column":120}},"106":{"start":{"line":231,"column":8},"end":{"line":231,"column":71}},"107":{"start":{"line":236,"column":8},"end":{"line":236,"column":43}},"108":{"start":{"line":237,"column":8},"end":{"line":237,"column":44}},"109":{"start":{"line":238,"column":8},"end":{"line":238,"column":33}},"110":{"start":{"line":239,"column":8},"end":{"line":239,"column":76}},"111":{"start":{"line":240,"column":8},"end":{"line":240,"column":57}},"112":{"start":{"line":241,"column":8},"end":{"line":241,"column":56}},"113":{"start":{"line":246,"column":8},"end":{"line":248,"column":9}},"114":{"start":{"line":247,"column":12},"end":{"line":247,"column":38}},"115":{"start":{"line":253,"column":8},"end":{"line":255,"column":9}},"116":{"start":{"line":254,"column":12},"end":{"line":254,"column":19}},"117":{"start":{"line":256,"column":8},"end":{"line":256,"column":34}},"118":{"start":{"line":257,"column":8},"end":{"line":257,"column":35}},"119":{"start":{"line":258,"column":8},"end":{"line":258,"column":21}},"120":{"start":{"line":259,"column":8},"end":{"line":259,"column":42}}},"fnMap":{"0":{"name":"(anonymous_0)","decl":{"start":{"line":36,"column":4},"end":{"line":36,"column":5}},"loc":{"start":{"line":36,"column":58},"end":{"line":99,"column":5}},"line":36},"1":{"name":"(anonymous_1)","decl":{"start":{"line":68,"column":46},"end":{"line":68,"column":47}},"loc":{"start":{"line":68,"column":52},"end":{"line":71,"column":9}},"line":68},"2":{"name":"(anonymous_2)","decl":{"start":{"line":75,"column":52},"end":{"line":75,"column":53}},"loc":{"start":{"line":75,"column":58},"end":{"line":78,"column":9}},"line":75},"3":{"name":"(anonymous_3)","decl":{"start":{"line":83,"column":38},"end":{"line":83,"column":39}},"loc":{"start":{"line":83,"column":44},"end":{"line":85,"column":9}},"line":83},"4":{"name":"(anonymous_4)","decl":{"start":{"line":102,"column":4},"end":{"line":102,"column":5}},"loc":{"start":{"line":102,"column":22},"end":{"line":153,"column":5}},"line":102},"5":{"name":"(anonymous_5)","decl":{"start":{"line":126,"column":42},"end":{"line":126,"column":43}},"loc":{"start":{"line":126,"column":48},"end":{"line":128,"column":9}},"line":126},"6":{"name":"(anonymous_6)","decl":{"start":{"line":133,"column":42},"end":{"line":133,"column":43}},"loc":{"start":{"line":133,"column":48},"end":{"line":135,"column":9}},"line":133},"7":{"name":"(anonymous_7)","decl":{"start":{"line":140,"column":42},"end":{"line":140,"column":43}},"loc":{"start":{"line":140,"column":48},"end":{"line":143,"column":9}},"line":140},"8":{"name":"(anonymous_8)","decl":{"start":{"line":156,"column":4},"end":{"line":156,"column":5}},"loc":{"start":{"line":156,"column":14},"end":{"line":159,"column":5}},"line":156},"9":{"name":"(anonymous_9)","decl":{"start":{"line":162,"column":4},"end":{"line":162,"column":5}},"loc":{"start":{"line":162,"column":14},"end":{"line":168,"column":5}},"line":162},"10":{"name":"(anonymous_10)","decl":{"start":{"line":171,"column":4},"end":{"line":171,"column":5}},"loc":{"start":{"line":171,"column":19},"end":{"line":178,"column":5}},"line":171},"11":{"name":"(anonymous_11)","decl":{"start":{"line":174,"column":42},"end":{"line":174,"column":43}},"loc":{"start":{"line":174,"column":48},"end":{"line":176,"column":13}},"line":174},"12":{"name":"(anonymous_12)","decl":{"start":{"line":181,"column":4},"end":{"line":181,"column":5}},"loc":{"start":{"line":181,"column":22},"end":{"line":188,"column":5}},"line":181},"13":{"name":"(anonymous_13)","decl":{"start":{"line":184,"column":42},"end":{"line":184,"column":43}},"loc":{"start":{"line":184,"column":48},"end":{"line":186,"column":13}},"line":184},"14":{"name":"(anonymous_14)","decl":{"start":{"line":191,"column":4},"end":{"line":191,"column":5}},"loc":{"start":{"line":191,"column":20},"end":{"line":198,"column":5}},"line":191},"15":{"name":"(anonymous_15)","decl":{"start":{"line":194,"column":42},"end":{"line":194,"column":43}},"loc":{"start":{"line":194,"column":48},"end":{"line":196,"column":13}},"line":194},"16":{"name":"(anonymous_16)","decl":{"start":{"line":201,"column":4},"end":{"line":201,"column":5}},"loc":{"start":{"line":201,"column":17},"end":{"line":206,"column":5}},"line":201},"17":{"name":"(anonymous_17)","decl":{"start":{"line":203,"column":38},"end":{"line":203,"column":39}},"loc":{"start":{"line":203,"column":44},"end":{"line":205,"column":9}},"line":203},"18":{"name":"(anonymous_18)","decl":{"start":{"line":209,"column":4},"end":{"line":209,"column":5}},"loc":{"start":{"line":209,"column":15},"end":{"line":215,"column":5}},"line":209},"19":{"name":"(anonymous_19)","decl":{"start":{"line":218,"column":4},"end":{"line":218,"column":5}},"loc":{"start":{"line":218,"column":17},"end":{"line":220,"column":5}},"line":218},"20":{"name":"(anonymous_20)","decl":{"start":{"line":223,"column":4},"end":{"line":223,"column":5}},"loc":{"start":{"line":223,"column":20},"end":{"line":225,"column":5}},"line":223},"21":{"name":"(anonymous_21)","decl":{"start":{"line":228,"column":4},"end":{"line":228,"column":5}},"loc":{"start":{"line":228,"column":18},"end":{"line":232,"column":5}},"line":228},"22":{"name":"(anonymous_22)","decl":{"start":{"line":235,"column":4},"end":{"line":235,"column":5}},"loc":{"start":{"line":235,"column":11},"end":{"line":242,"column":5}},"line":235},"23":{"name":"(anonymous_23)","decl":{"start":{"line":245,"column":4},"end":{"line":245,"column":5}},"loc":{"start":{"line":245,"column":12},"end":{"line":249,"column":5}},"line":245},"24":{"name":"(anonymous_24)","decl":{"start":{"line":252,"column":4},"end":{"line":252,"column":5}},"loc":{"start":{"line":252,"column":12},"end":{"line":260,"column":5}},"line":252}},"branchMap":{"0":{"loc":{"start":{"line":60,"column":8},"end":{"line":65,"column":9}},"type":"if","locations":[{"start":{"line":60,"column":8},"end":{"line":65,"column":9}},{"start":{},"end":{}}],"line":60},"1":{"loc":{"start":{"line":165,"column":8},"end":{"line":167,"column":9}},"type":"if","locations":[{"start":{"line":165,"column":8},"end":{"line":167,"column":9}},{"start":{},"end":{}}],"line":165},"2":{"loc":{"start":{"line":172,"column":8},"end":{"line":177,"column":9}},"type":"if","locations":[{"start":{"line":172,"column":8},"end":{"line":177,"column":9}},{"start":{},"end":{}}],"line":172},"3":{"loc":{"start":{"line":182,"column":8},"end":{"line":187,"column":9}},"type":"if","locations":[{"start":{"line":182,"column":8},"end":{"line":187,"column":9}},{"start":{},"end":{}}],"line":182},"4":{"loc":{"start":{"line":192,"column":8},"end":{"line":197,"column":9}},"type":"if","locations":[{"start":{"line":192,"column":8},"end":{"line":197,"column":9}},{"start":{},"end":{}}],"line":192},"5":{"loc":{"start":{"line":246,"column":8},"end":{"line":248,"column":9}},"type":"if","locations":[{"start":{"line":246,"column":8},"end":{"line":248,"column":9}},{"start":{},"end":{}}],"line":246},"6":{"loc":{"start":{"line":253,"column":8},"end":{"line":255,"column":9}},"type":"if","locations":[{"start":{"line":253,"column":8},"end":{"line":255,"column":9}},{"start":{},"end":{}}],"line":253}},"s":{"0":6,"1":6,"2":6,"3":6,"4":6,"5":6,"6":6,"7":6,"8":6,"9":6,"10":6,"11":6,"12":6,"13":6,"14":6,"15":6,"16":6,"17":6,"18":6,"19":0,"20":0,"21":0,"22":0,"23":6,"24":6,"25":0,"26":0,"27":6,"28":6,"29":6,"30":0,"31":6,"32":6,"33":6,"34":0,"35":6,"36":6,"37":6,"38":6,"39":6,"40":6,"41":6,"42":6,"43":6,"44":0,"45":0,"46":0,"47":0,"48":0,"49":0,"50":0,"51":0,"52":0,"53":0,"54":0,"55":0,"56":0,"57":0,"58":0,"59":0,"60":0,"61":0,"62":0,"63":0,"64":0,"65":0,"66":0,"67":0,"68":0,"69":0,"70":0,"71":0,"72":0,"73":0,"74":0,"75":0,"76":0,"77":0,"78":0,"79":0,"80":0,"81":0,"82":0,"83":0,"84":0,"85":0,"86":0,"87":0,"88":0,"89":0,"90":0,"91":0,"92":0,"93":0,"94":0,"95":1,"96":1,"97":1,"98":1,"99":0,"100":0,"101":0,"102":0,"103":0,"104":0,"105":0,"106":0,"107":1,"108":1,"109":1,"110":1,"111":1,"112":1,"113":2,"114":2,"115":1,"116":0,"117":1,"118":1,"119":1,"120":1},"f":{"0":6,"1":0,"2":0,"3":0,"4":0,"5":0,"6":0,"7":0,"8":0,"9":0,"10":0,"11":0,"12":0,"13":0,"14":1,"15":1,"16":0,"17":0,"18":0,"19":0,"20":0,"21":0,"22":1,"23":2,"24":1},"b":{"0":[0,6],"1":[0,0],"2":[0,0],"3":[0,0],"4":[1,0],"5":[2,0],"6":[0,1]},"_coverageSchema":"1a1c01bbd47fc00a2c39e90264f33305004495a9","hash":"34d07ba6f0d0d99948070c8f84c5b431960a2856"}
,"/mnt/c/Users/joeyj/Desktop/491/CovidMemories/public/Table.js": {"path":"/mnt/c/Users/joeyj/Desktop/491/CovidMemories/public/Table.js","statementMap":{"0":{"start":{"line":20,"column":8},"end":{"line":20,"column":28}},"1":{"start":{"line":21,"column":8},"end":{"line":21,"column":42}},"2":{"start":{"line":22,"column":8},"end":{"line":22,"column":80}},"3":{"start":{"line":23,"column":8},"end":{"line":23,"column":56}},"4":{"start":{"line":24,"column":8},"end":{"line":24,"column":62}},"5":{"start":{"line":25,"column":8},"end":{"line":25,"column":64}},"6":{"start":{"line":26,"column":8},"end":{"line":26,"column":58}},"7":{"start":{"line":27,"column":8},"end":{"line":27,"column":60}},"8":{"start":{"line":28,"column":8},"end":{"line":28,"column":37}},"9":{"start":{"line":29,"column":8},"end":{"line":54,"column":11}},"10":{"start":{"line":30,"column":12},"end":{"line":30,"column":47}},"11":{"start":{"line":31,"column":30},"end":{"line":31,"column":48}},"12":{"start":{"line":32,"column":12},"end":{"line":32,"column":57}},"13":{"start":{"line":33,"column":24},"end":{"line":33,"column":25}},"14":{"start":{"line":35,"column":12},"end":{"line":47,"column":13}},"15":{"start":{"line":37,"column":16},"end":{"line":39,"column":17}},"16":{"start":{"line":38,"column":20},"end":{"line":38,"column":48}},"17":{"start":{"line":40,"column":16},"end":{"line":40,"column":24}},"18":{"start":{"line":42,"column":16},"end":{"line":42,"column":45}},"19":{"start":{"line":43,"column":29},"end":{"line":43,"column":44}},"20":{"start":{"line":44,"column":36},"end":{"line":44,"column":66}},"21":{"start":{"line":46,"column":16},"end":{"line":46,"column":49}},"22":{"start":{"line":49,"column":12},"end":{"line":51,"column":13}},"23":{"start":{"line":50,"column":16},"end":{"line":50,"column":49}},"24":{"start":{"line":53,"column":12},"end":{"line":53,"column":60}},"25":{"start":{"line":59,"column":23},"end":{"line":59,"column":55}},"26":{"start":{"line":60,"column":8},"end":{"line":60,"column":43}},"27":{"start":{"line":61,"column":8},"end":{"line":61,"column":34}},"28":{"start":{"line":62,"column":22},"end":{"line":62,"column":43}},"29":{"start":{"line":63,"column":8},"end":{"line":65,"column":11}},"30":{"start":{"line":64,"column":12},"end":{"line":64,"column":39}},"31":{"start":{"line":66,"column":8},"end":{"line":66,"column":46}},"32":{"start":{"line":71,"column":8},"end":{"line":71,"column":21}},"33":{"start":{"line":73,"column":8},"end":{"line":73,"column":46}},"34":{"start":{"line":75,"column":29},"end":{"line":75,"column":56}},"35":{"start":{"line":76,"column":8},"end":{"line":76,"column":32}},"36":{"start":{"line":77,"column":8},"end":{"line":77,"column":49}},"37":{"start":{"line":78,"column":8},"end":{"line":78,"column":33}},"38":{"start":{"line":83,"column":8},"end":{"line":87,"column":9}},"39":{"start":{"line":84,"column":12},"end":{"line":84,"column":25}},"40":{"start":{"line":85,"column":12},"end":{"line":85,"column":74}},"41":{"start":{"line":86,"column":12},"end":{"line":86,"column":24}},"42":{"start":{"line":88,"column":8},"end":{"line":88,"column":31}},"43":{"start":{"line":93,"column":8},"end":{"line":103,"column":9}},"44":{"start":{"line":94,"column":12},"end":{"line":94,"column":25}},"45":{"start":{"line":95,"column":27},"end":{"line":95,"column":41}},"46":{"start":{"line":96,"column":12},"end":{"line":98,"column":13}},"47":{"start":{"line":97,"column":16},"end":{"line":97,"column":53}},"48":{"start":{"line":99,"column":12},"end":{"line":99,"column":42}},"49":{"start":{"line":101,"column":12},"end":{"line":101,"column":86}},"50":{"start":{"line":102,"column":12},"end":{"line":102,"column":24}},"51":{"start":{"line":104,"column":8},"end":{"line":104,"column":31}},"52":{"start":{"line":109,"column":8},"end":{"line":109,"column":42}},"53":{"start":{"line":110,"column":8},"end":{"line":110,"column":31}},"54":{"start":{"line":115,"column":8},"end":{"line":115,"column":43}},"55":{"start":{"line":116,"column":8},"end":{"line":116,"column":30}},"56":{"start":{"line":121,"column":8},"end":{"line":121,"column":47}},"57":{"start":{"line":122,"column":8},"end":{"line":122,"column":56}},"58":{"start":{"line":127,"column":8},"end":{"line":127,"column":48}},"59":{"start":{"line":128,"column":8},"end":{"line":128,"column":55}},"60":{"start":{"line":133,"column":25},"end":{"line":133,"column":54}},"61":{"start":{"line":134,"column":25},"end":{"line":134,"column":27}},"62":{"start":{"line":135,"column":8},"end":{"line":140,"column":9}},"63":{"start":{"line":136,"column":28},"end":{"line":136,"column":39}},"64":{"start":{"line":137,"column":12},"end":{"line":139,"column":13}},"65":{"start":{"line":138,"column":16},"end":{"line":138,"column":39}},"66":{"start":{"line":141,"column":8},"end":{"line":141,"column":24}},"67":{"start":{"line":146,"column":8},"end":{"line":146,"column":61}},"68":{"start":{"line":147,"column":5},"end":{"line":147,"column":60}},"69":{"start":{"line":152,"column":30},"end":{"line":152,"column":79}},"70":{"start":{"line":153,"column":8},"end":{"line":153,"column":43}},"71":{"start":{"line":155,"column":8},"end":{"line":164,"column":9}},"72":{"start":{"line":156,"column":29},"end":{"line":156,"column":95}},"73":{"start":{"line":157,"column":30},"end":{"line":157,"column":71}},"74":{"start":{"line":158,"column":12},"end":{"line":160,"column":13}},"75":{"start":{"line":159,"column":16},"end":{"line":159,"column":25}},"76":{"start":{"line":161,"column":12},"end":{"line":161,"column":57}},"77":{"start":{"line":162,"column":12},"end":{"line":162,"column":35}},"78":{"start":{"line":163,"column":12},"end":{"line":163,"column":18}},"79":{"start":{"line":169,"column":29},"end":{"line":169,"column":69}},"80":{"start":{"line":172,"column":8},"end":{"line":172,"column":55}},"81":{"start":{"line":175,"column":8},"end":{"line":177,"column":11}},"82":{"start":{"line":176,"column":12},"end":{"line":176,"column":59}},"83":{"start":{"line":182,"column":24},"end":{"line":182,"column":57}},"84":{"start":{"line":185,"column":8},"end":{"line":185,"column":44}},"85":{"start":{"line":187,"column":16},"end":{"line":187,"column":49}},"86":{"start":{"line":188,"column":16},"end":{"line":188,"column":34}},"87":{"start":{"line":190,"column":8},"end":{"line":190,"column":19}},"88":{"start":{"line":191,"column":8},"end":{"line":191,"column":33}},"89":{"start":{"line":192,"column":8},"end":{"line":192,"column":33}},"90":{"start":{"line":193,"column":23},"end":{"line":193,"column":34}},"91":{"start":{"line":195,"column":8},"end":{"line":195,"column":66}},"92":{"start":{"line":198,"column":8},"end":{"line":200,"column":10}},"93":{"start":{"line":199,"column":12},"end":{"line":199,"column":53}},"94":{"start":{"line":203,"column":8},"end":{"line":216,"column":11}},"95":{"start":{"line":204,"column":12},"end":{"line":204,"column":53}},"96":{"start":{"line":206,"column":22},"end":{"line":206,"column":58}},"97":{"start":{"line":207,"column":22},"end":{"line":207,"column":42}},"98":{"start":{"line":208,"column":12},"end":{"line":208,"column":27}},"99":{"start":{"line":209,"column":12},"end":{"line":209,"column":45}},"100":{"start":{"line":210,"column":12},"end":{"line":210,"column":45}},"101":{"start":{"line":212,"column":27},"end":{"line":212,"column":42}},"102":{"start":{"line":214,"column":12},"end":{"line":214,"column":87}},"103":{"start":{"line":215,"column":12},"end":{"line":215,"column":73}},"104":{"start":{"line":221,"column":8},"end":{"line":221,"column":52}},"105":{"start":{"line":226,"column":8},"end":{"line":226,"column":55}},"106":{"start":{"line":231,"column":8},"end":{"line":231,"column":53}},"107":{"start":{"line":236,"column":8},"end":{"line":236,"column":50}},"108":{"start":{"line":241,"column":8},"end":{"line":247,"column":9}},"109":{"start":{"line":242,"column":25},"end":{"line":242,"column":48}},"110":{"start":{"line":243,"column":29},"end":{"line":243,"column":46}},"111":{"start":{"line":244,"column":12},"end":{"line":244,"column":28}},"112":{"start":{"line":246,"column":12},"end":{"line":246,"column":51}}},"fnMap":{"0":{"name":"(anonymous_0)","decl":{"start":{"line":19,"column":4},"end":{"line":19,"column":5}},"loc":{"start":{"line":19,"column":38},"end":{"line":55,"column":5}},"line":19},"1":{"name":"(anonymous_1)","decl":{"start":{"line":29,"column":32},"end":{"line":29,"column":33}},"loc":{"start":{"line":29,"column":46},"end":{"line":54,"column":9}},"line":29},"2":{"name":"(anonymous_2)","decl":{"start":{"line":58,"column":4},"end":{"line":58,"column":5}},"loc":{"start":{"line":58,"column":28},"end":{"line":67,"column":5}},"line":58},"3":{"name":"(anonymous_3)","decl":{"start":{"line":63,"column":41},"end":{"line":63,"column":42}},"loc":{"start":{"line":63,"column":47},"end":{"line":65,"column":9}},"line":63},"4":{"name":"(anonymous_4)","decl":{"start":{"line":70,"column":4},"end":{"line":70,"column":5}},"loc":{"start":{"line":70,"column":32},"end":{"line":79,"column":5}},"line":70},"5":{"name":"(anonymous_5)","decl":{"start":{"line":82,"column":4},"end":{"line":82,"column":5}},"loc":{"start":{"line":82,"column":15},"end":{"line":89,"column":5}},"line":82},"6":{"name":"(anonymous_6)","decl":{"start":{"line":92,"column":4},"end":{"line":92,"column":5}},"loc":{"start":{"line":92,"column":15},"end":{"line":105,"column":5}},"line":92},"7":{"name":"(anonymous_7)","decl":{"start":{"line":108,"column":4},"end":{"line":108,"column":5}},"loc":{"start":{"line":108,"column":11},"end":{"line":111,"column":5}},"line":108},"8":{"name":"(anonymous_8)","decl":{"start":{"line":114,"column":4},"end":{"line":114,"column":5}},"loc":{"start":{"line":114,"column":12},"end":{"line":117,"column":5}},"line":114},"9":{"name":"(anonymous_9)","decl":{"start":{"line":120,"column":4},"end":{"line":120,"column":5}},"loc":{"start":{"line":120,"column":22},"end":{"line":123,"column":5}},"line":120},"10":{"name":"(anonymous_10)","decl":{"start":{"line":126,"column":4},"end":{"line":126,"column":5}},"loc":{"start":{"line":126,"column":21},"end":{"line":129,"column":5}},"line":126},"11":{"name":"(anonymous_11)","decl":{"start":{"line":132,"column":4},"end":{"line":132,"column":5}},"loc":{"start":{"line":132,"column":19},"end":{"line":142,"column":5}},"line":132},"12":{"name":"(anonymous_12)","decl":{"start":{"line":145,"column":4},"end":{"line":145,"column":5}},"loc":{"start":{"line":145,"column":40},"end":{"line":148,"column":5}},"line":145},"13":{"name":"(anonymous_13)","decl":{"start":{"line":151,"column":4},"end":{"line":151,"column":5}},"loc":{"start":{"line":151,"column":18},"end":{"line":165,"column":5}},"line":151},"14":{"name":"(anonymous_14)","decl":{"start":{"line":168,"column":4},"end":{"line":168,"column":5}},"loc":{"start":{"line":168,"column":31},"end":{"line":178,"column":5}},"line":168},"15":{"name":"(anonymous_15)","decl":{"start":{"line":175,"column":47},"end":{"line":175,"column":48}},"loc":{"start":{"line":175,"column":59},"end":{"line":177,"column":9}},"line":175},"16":{"name":"(anonymous_16)","decl":{"start":{"line":181,"column":4},"end":{"line":181,"column":5}},"loc":{"start":{"line":181,"column":30},"end":{"line":217,"column":5}},"line":181},"17":{"name":"(anonymous_17)","decl":{"start":{"line":198,"column":26},"end":{"line":198,"column":27}},"loc":{"start":{"line":198,"column":38},"end":{"line":200,"column":9}},"line":198},"18":{"name":"(anonymous_18)","decl":{"start":{"line":203,"column":52},"end":{"line":203,"column":53}},"loc":{"start":{"line":203,"column":64},"end":{"line":216,"column":9}},"line":203},"19":{"name":"(anonymous_19)","decl":{"start":{"line":220,"column":4},"end":{"line":220,"column":5}},"loc":{"start":{"line":220,"column":21},"end":{"line":222,"column":5}},"line":220},"20":{"name":"(anonymous_20)","decl":{"start":{"line":225,"column":4},"end":{"line":225,"column":5}},"loc":{"start":{"line":225,"column":24},"end":{"line":227,"column":5}},"line":225},"21":{"name":"(anonymous_21)","decl":{"start":{"line":230,"column":4},"end":{"line":230,"column":5}},"loc":{"start":{"line":230,"column":22},"end":{"line":232,"column":5}},"line":230},"22":{"name":"(anonymous_22)","decl":{"start":{"line":235,"column":4},"end":{"line":235,"column":5}},"loc":{"start":{"line":235,"column":19},"end":{"line":237,"column":5}},"line":235},"23":{"name":"(anonymous_23)","decl":{"start":{"line":240,"column":4},"end":{"line":240,"column":5}},"loc":{"start":{"line":240,"column":24},"end":{"line":248,"column":5}},"line":240}},"branchMap":{"0":{"loc":{"start":{"line":37,"column":16},"end":{"line":39,"column":17}},"type":"if","locations":[{"start":{"line":37,"column":16},"end":{"line":39,"column":17}},{"start":{},"end":{}}],"line":37},"1":{"loc":{"start":{"line":83,"column":8},"end":{"line":87,"column":9}},"type":"if","locations":[{"start":{"line":83,"column":8},"end":{"line":87,"column":9}},{"start":{},"end":{}}],"line":83},"2":{"loc":{"start":{"line":93,"column":8},"end":{"line":103,"column":9}},"type":"if","locations":[{"start":{"line":93,"column":8},"end":{"line":103,"column":9}},{"start":{},"end":{}}],"line":93},"3":{"loc":{"start":{"line":96,"column":12},"end":{"line":98,"column":13}},"type":"if","locations":[{"start":{"line":96,"column":12},"end":{"line":98,"column":13}},{"start":{},"end":{}}],"line":96},"4":{"loc":{"start":{"line":137,"column":12},"end":{"line":139,"column":13}},"type":"if","locations":[{"start":{"line":137,"column":12},"end":{"line":139,"column":13}},{"start":{},"end":{}}],"line":137},"5":{"loc":{"start":{"line":158,"column":12},"end":{"line":160,"column":13}},"type":"if","locations":[{"start":{"line":158,"column":12},"end":{"line":160,"column":13}},{"start":{},"end":{}}],"line":158},"6":{"loc":{"start":{"line":158,"column":16},"end":{"line":158,"column":65}},"type":"binary-expr","locations":[{"start":{"line":158,"column":16},"end":{"line":158,"column":39}},{"start":{"line":158,"column":43},"end":{"line":158,"column":65}}],"line":158},"7":{"loc":{"start":{"line":191,"column":12},"end":{"line":191,"column":32}},"type":"cond-expr","locations":[{"start":{"line":191,"column":21},"end":{"line":191,"column":28}},{"start":{"line":191,"column":31},"end":{"line":191,"column":32}}],"line":191},"8":{"loc":{"start":{"line":192,"column":12},"end":{"line":192,"column":32}},"type":"cond-expr","locations":[{"start":{"line":192,"column":21},"end":{"line":192,"column":28}},{"start":{"line":192,"column":31},"end":{"line":192,"column":32}}],"line":192},"9":{"loc":{"start":{"line":209,"column":18},"end":{"line":209,"column":44}},"type":"cond-expr","locations":[{"start":{"line":209,"column":29},"end":{"line":209,"column":38}},{"start":{"line":209,"column":41},"end":{"line":209,"column":44}}],"line":209},"10":{"loc":{"start":{"line":210,"column":18},"end":{"line":210,"column":44}},"type":"cond-expr","locations":[{"start":{"line":210,"column":29},"end":{"line":210,"column":38}},{"start":{"line":210,"column":41},"end":{"line":210,"column":44}}],"line":210}},"s":{"0":4,"1":4,"2":4,"3":4,"4":4,"5":4,"6":4,"7":4,"8":4,"9":4,"10":4,"11":4,"12":4,"13":4,"14":4,"15":8,"16":4,"17":8,"18":8,"19":8,"20":8,"21":8,"22":4,"23":8,"24":4,"25":8,"26":8,"27":8,"28":8,"29":8,"30":0,"31":8,"32":3,"33":3,"34":3,"35":3,"36":3,"37":3,"38":1,"39":1,"40":1,"41":1,"42":1,"43":1,"44":1,"45":1,"46":1,"47":0,"48":1,"49":1,"50":1,"51":1,"52":2,"53":2,"54":5,"55":5,"56":4,"57":4,"58":5,"59":5,"60":0,"61":0,"62":0,"63":0,"64":0,"65":0,"66":0,"67":0,"68":0,"69":0,"70":0,"71":0,"72":0,"73":0,"74":0,"75":0,"76":0,"77":0,"78":0,"79":0,"80":0,"81":0,"82":0,"83":0,"84":0,"85":0,"86":0,"87":0,"88":0,"89":0,"90":0,"91":0,"92":0,"93":0,"94":0,"95":0,"96":0,"97":0,"98":0,"99":0,"100":0,"101":0,"102":0,"103":0,"104":0,"105":0,"106":0,"107":0,"108":4,"109":4,"110":4,"111":4,"112":0},"f":{"0":4,"1":4,"2":8,"3":0,"4":3,"5":1,"6":1,"7":2,"8":5,"9":4,"10":5,"11":0,"12":0,"13":0,"14":0,"15":0,"16":0,"17":0,"18":0,"19":0,"20":0,"21":0,"22":0,"23":4},"b":{"0":[4,4],"1":[1,0],"2":[1,0],"3":[0,1],"4":[0,0],"5":[0,0],"6":[0,0],"7":[0,0],"8":[0,0],"9":[0,0],"10":[0,0]},"_coverageSchema":"1a1c01bbd47fc00a2c39e90264f33305004495a9","hash":"3a082982ea2fa8504c88e905fc1cf4a8161d2195"}
,"/mnt/c/Users/joeyj/Desktop/491/CovidMemories/public/index.js": {"path":"/mnt/c/Users/joeyj/Desktop/491/CovidMemories/public/index.js","statementMap":{"0":{"start":{"line":5,"column":0},"end":{"line":25,"column":3}},"1":{"start":{"line":6,"column":21},"end":{"line":6,"column":59}},"2":{"start":{"line":7,"column":12},"end":{"line":7,"column":13}},"3":{"start":{"line":8,"column":12},"end":{"line":8,"column":13}},"4":{"start":{"line":9,"column":11},"end":{"line":9,"column":12}},"5":{"start":{"line":10,"column":11},"end":{"line":10,"column":12}},"6":{"start":{"line":12,"column":14},"end":{"line":17,"column":2}},"7":{"start":{"line":13,"column":2},"end":{"line":13,"column":28}},"8":{"start":{"line":14,"column":2},"end":{"line":14,"column":28}},"9":{"start":{"line":15,"column":2},"end":{"line":15,"column":90}},"10":{"start":{"line":16,"column":2},"end":{"line":16,"column":30}},"11":{"start":{"line":19,"column":1},"end":{"line":22,"column":4}},"12":{"start":{"line":20,"column":2},"end":{"line":20,"column":22}},"13":{"start":{"line":21,"column":2},"end":{"line":21,"column":22}},"14":{"start":{"line":24,"column":1},"end":{"line":24,"column":8}},"15":{"start":{"line":29,"column":1},"end":{"line":29,"column":14}},"16":{"start":{"line":34,"column":1},"end":{"line":34,"column":15}},"17":{"start":{"line":39,"column":1},"end":{"line":39,"column":18}},"18":{"start":{"line":44,"column":1},"end":{"line":44,"column":18}},"19":{"start":{"line":49,"column":1},"end":{"line":49,"column":21}},"20":{"start":{"line":53,"column":1},"end":{"line":53,"column":80}},"21":{"start":{"line":56,"column":17},"end":{"line":56,"column":64}},"22":{"start":{"line":57,"column":1},"end":{"line":57,"column":72}},"23":{"start":{"line":57,"column":27},"end":{"line":57,"column":70}},"24":{"start":{"line":60,"column":22},"end":{"line":60,"column":55}},"25":{"start":{"line":61,"column":1},"end":{"line":63,"column":2}},"26":{"start":{"line":62,"column":3},"end":{"line":62,"column":50}},"27":{"start":{"line":69,"column":1},"end":{"line":71,"column":3}},"28":{"start":{"line":70,"column":2},"end":{"line":70,"column":66}},"29":{"start":{"line":72,"column":1},"end":{"line":74,"column":3}},"30":{"start":{"line":73,"column":2},"end":{"line":73,"column":71}},"31":{"start":{"line":75,"column":1},"end":{"line":77,"column":3}},"32":{"start":{"line":76,"column":2},"end":{"line":76,"column":70}},"33":{"start":{"line":78,"column":1},"end":{"line":80,"column":3}},"34":{"start":{"line":79,"column":2},"end":{"line":79,"column":61}},"35":{"start":{"line":81,"column":1},"end":{"line":83,"column":3}},"36":{"start":{"line":82,"column":2},"end":{"line":82,"column":71}},"37":{"start":{"line":84,"column":1},"end":{"line":86,"column":3}},"38":{"start":{"line":85,"column":2},"end":{"line":85,"column":13}},"39":{"start":{"line":87,"column":1},"end":{"line":89,"column":3}},"40":{"start":{"line":88,"column":2},"end":{"line":88,"column":9}},"41":{"start":{"line":90,"column":1},"end":{"line":92,"column":3}},"42":{"start":{"line":91,"column":2},"end":{"line":91,"column":10}},"43":{"start":{"line":93,"column":1},"end":{"line":95,"column":3}},"44":{"start":{"line":94,"column":2},"end":{"line":94,"column":13}},"45":{"start":{"line":96,"column":1},"end":{"line":98,"column":3}},"46":{"start":{"line":97,"column":2},"end":{"line":97,"column":16}},"47":{"start":{"line":99,"column":1},"end":{"line":101,"column":3}},"48":{"start":{"line":100,"column":2},"end":{"line":100,"column":11}},"49":{"start":{"line":103,"column":19},"end":{"line":103,"column":55}},"50":{"start":{"line":104,"column":22},"end":{"line":104,"column":61}},"51":{"start":{"line":105,"column":17},"end":{"line":105,"column":51}},"52":{"start":{"line":106,"column":19},"end":{"line":106,"column":56}},"53":{"start":{"line":107,"column":22},"end":{"line":107,"column":62}},"54":{"start":{"line":108,"column":18},"end":{"line":108,"column":59}},"55":{"start":{"line":109,"column":19},"end":{"line":109,"column":56}},"56":{"start":{"line":110,"column":1},"end":{"line":158,"column":4}},"57":{"start":{"line":111,"column":2},"end":{"line":111,"column":21}},"58":{"start":{"line":114,"column":19},"end":{"line":114,"column":42}},"59":{"start":{"line":115,"column":2},"end":{"line":115,"column":44}},"60":{"start":{"line":116,"column":15},"end":{"line":119,"column":3}},"61":{"start":{"line":121,"column":2},"end":{"line":121,"column":20}},"62":{"start":{"line":122,"column":2},"end":{"line":157,"column":3}},"63":{"start":{"line":123,"column":20},"end":{"line":129,"column":5}},"64":{"start":{"line":130,"column":20},"end":{"line":130,"column":41}},"65":{"start":{"line":131,"column":3},"end":{"line":131,"column":44}},"66":{"start":{"line":132,"column":3},"end":{"line":132,"column":38}},"67":{"start":{"line":133,"column":3},"end":{"line":154,"column":4}},"68":{"start":{"line":134,"column":4},"end":{"line":139,"column":7}},"69":{"start":{"line":140,"column":10},"end":{"line":154,"column":4}},"70":{"start":{"line":141,"column":4},"end":{"line":146,"column":7}},"71":{"start":{"line":148,"column":4},"end":{"line":153,"column":7}},"72":{"start":{"line":156,"column":3},"end":{"line":156,"column":51}},"73":{"start":{"line":159,"column":1},"end":{"line":199,"column":4}},"74":{"start":{"line":160,"column":2},"end":{"line":160,"column":21}},"75":{"start":{"line":162,"column":19},"end":{"line":162,"column":45}},"76":{"start":{"line":163,"column":2},"end":{"line":163,"column":44}},"77":{"start":{"line":164,"column":15},"end":{"line":167,"column":3}},"78":{"start":{"line":169,"column":2},"end":{"line":169,"column":20}},"79":{"start":{"line":170,"column":2},"end":{"line":198,"column":3}},"80":{"start":{"line":171,"column":20},"end":{"line":177,"column":5}},"81":{"start":{"line":178,"column":3},"end":{"line":178,"column":44}},"82":{"start":{"line":179,"column":3},"end":{"line":179,"column":38}},"83":{"start":{"line":180,"column":20},"end":{"line":180,"column":41}},"84":{"start":{"line":181,"column":3},"end":{"line":195,"column":4}},"85":{"start":{"line":182,"column":4},"end":{"line":187,"column":7}},"86":{"start":{"line":189,"column":4},"end":{"line":194,"column":7}},"87":{"start":{"line":197,"column":3},"end":{"line":197,"column":58}},"88":{"start":{"line":200,"column":1},"end":{"line":202,"column":4}},"89":{"start":{"line":201,"column":2},"end":{"line":201,"column":34}},"90":{"start":{"line":204,"column":1},"end":{"line":206,"column":4}},"91":{"start":{"line":205,"column":2},"end":{"line":205,"column":37}},"92":{"start":{"line":208,"column":1},"end":{"line":210,"column":4}},"93":{"start":{"line":209,"column":2},"end":{"line":209,"column":40}},"94":{"start":{"line":212,"column":1},"end":{"line":215,"column":4}},"95":{"start":{"line":213,"column":2},"end":{"line":213,"column":43}},"96":{"start":{"line":214,"column":2},"end":{"line":214,"column":37}},"97":{"start":{"line":217,"column":1},"end":{"line":217,"column":41}},"98":{"start":{"line":223,"column":1},"end":{"line":225,"column":2}},"99":{"start":{"line":224,"column":2},"end":{"line":224,"column":27}},"100":{"start":{"line":226,"column":1},"end":{"line":226,"column":38}},"101":{"start":{"line":227,"column":19},"end":{"line":227,"column":30}},"102":{"start":{"line":228,"column":1},"end":{"line":228,"column":41}},"103":{"start":{"line":233,"column":22},"end":{"line":238,"column":2}},"104":{"start":{"line":239,"column":1},"end":{"line":261,"column":4}},"105":{"start":{"line":245,"column":3},"end":{"line":247,"column":4}},"106":{"start":{"line":246,"column":4},"end":{"line":246,"column":43}},"107":{"start":{"line":250,"column":2},"end":{"line":260,"column":3}},"108":{"start":{"line":251,"column":3},"end":{"line":259,"column":4}},"109":{"start":{"line":252,"column":4},"end":{"line":252,"column":27}},"110":{"start":{"line":253,"column":10},"end":{"line":259,"column":4}},"111":{"start":{"line":254,"column":4},"end":{"line":254,"column":30}},"112":{"start":{"line":255,"column":10},"end":{"line":259,"column":4}},"113":{"start":{"line":256,"column":4},"end":{"line":256,"column":28}},"114":{"start":{"line":258,"column":4},"end":{"line":258,"column":25}},"115":{"start":{"line":266,"column":18},"end":{"line":266,"column":36}},"116":{"start":{"line":267,"column":1},"end":{"line":272,"column":2}},"117":{"start":{"line":268,"column":2},"end":{"line":270,"column":5}},"118":{"start":{"line":271,"column":2},"end":{"line":271,"column":9}},"119":{"start":{"line":273,"column":1},"end":{"line":273,"column":24}},"120":{"start":{"line":276,"column":18},"end":{"line":276,"column":20}},"121":{"start":{"line":277,"column":17},"end":{"line":280,"column":2}},"122":{"start":{"line":281,"column":1},"end":{"line":285,"column":2}},"123":{"start":{"line":281,"column":14},"end":{"line":281,"column":15}},"124":{"start":{"line":282,"column":16},"end":{"line":282,"column":26}},"125":{"start":{"line":283,"column":2},"end":{"line":283,"column":88}},"126":{"start":{"line":284,"column":2},"end":{"line":284,"column":34}},"127":{"start":{"line":286,"column":1},"end":{"line":286,"column":25}},"128":{"start":{"line":287,"column":30},"end":{"line":298,"column":3}},"129":{"start":{"line":292,"column":18},"end":{"line":292,"column":20}},"130":{"start":{"line":293,"column":3},"end":{"line":295,"column":4}},"131":{"start":{"line":293,"column":16},"end":{"line":293,"column":17}},"132":{"start":{"line":294,"column":4},"end":{"line":294,"column":67}},"133":{"start":{"line":296,"column":3},"end":{"line":296,"column":19}},"134":{"start":{"line":300,"column":14},"end":{"line":300,"column":18}},"135":{"start":{"line":301,"column":1},"end":{"line":306,"column":2}},"136":{"start":{"line":301,"column":14},"end":{"line":301,"column":15}},"137":{"start":{"line":302,"column":2},"end":{"line":305,"column":3}},"138":{"start":{"line":303,"column":3},"end":{"line":303,"column":18}},"139":{"start":{"line":304,"column":3},"end":{"line":304,"column":9}},"140":{"start":{"line":308,"column":1},"end":{"line":308,"column":20}},"141":{"start":{"line":308,"column":13},"end":{"line":308,"column":20}},"142":{"start":{"line":311,"column":13},"end":{"line":311,"column":21}},"143":{"start":{"line":312,"column":1},"end":{"line":315,"column":2}},"144":{"start":{"line":312,"column":14},"end":{"line":312,"column":15}},"145":{"start":{"line":313,"column":16},"end":{"line":313,"column":26}},"146":{"start":{"line":314,"column":2},"end":{"line":314,"column":39}},"147":{"start":{"line":316,"column":1},"end":{"line":316,"column":72}},"148":{"start":{"line":317,"column":1},"end":{"line":317,"column":31}},"149":{"start":{"line":318,"column":1},"end":{"line":320,"column":3}},"150":{"start":{"line":321,"column":1},"end":{"line":323,"column":4}},"151":{"start":{"line":325,"column":1},"end":{"line":325,"column":9}},"152":{"start":{"line":330,"column":18},"end":{"line":330,"column":36}},"153":{"start":{"line":331,"column":1},"end":{"line":336,"column":2}},"154":{"start":{"line":332,"column":2},"end":{"line":334,"column":5}},"155":{"start":{"line":335,"column":2},"end":{"line":335,"column":9}},"156":{"start":{"line":338,"column":22},"end":{"line":341,"column":2}},"157":{"start":{"line":343,"column":33},"end":{"line":347,"column":3}},"158":{"start":{"line":349,"column":1},"end":{"line":351,"column":2}},"159":{"start":{"line":350,"column":2},"end":{"line":350,"column":9}},"160":{"start":{"line":352,"column":1},"end":{"line":354,"column":2}},"161":{"start":{"line":353,"column":2},"end":{"line":353,"column":18}},"162":{"start":{"line":358,"column":18},"end":{"line":358,"column":20}},"163":{"start":{"line":359,"column":17},"end":{"line":362,"column":2}},"164":{"start":{"line":363,"column":1},"end":{"line":367,"column":2}},"165":{"start":{"line":363,"column":14},"end":{"line":363,"column":15}},"166":{"start":{"line":364,"column":16},"end":{"line":364,"column":26}},"167":{"start":{"line":365,"column":2},"end":{"line":365,"column":66}},"168":{"start":{"line":366,"column":2},"end":{"line":366,"column":34}},"169":{"start":{"line":368,"column":30},"end":{"line":379,"column":3}},"170":{"start":{"line":373,"column":18},"end":{"line":373,"column":20}},"171":{"start":{"line":374,"column":3},"end":{"line":376,"column":4}},"172":{"start":{"line":374,"column":16},"end":{"line":374,"column":17}},"173":{"start":{"line":375,"column":4},"end":{"line":375,"column":67}},"174":{"start":{"line":377,"column":3},"end":{"line":377,"column":19}},"175":{"start":{"line":382,"column":1},"end":{"line":382,"column":24}},"176":{"start":{"line":382,"column":17},"end":{"line":382,"column":24}},"177":{"start":{"line":385,"column":13},"end":{"line":385,"column":20}},"178":{"start":{"line":386,"column":1},"end":{"line":389,"column":2}},"179":{"start":{"line":386,"column":14},"end":{"line":386,"column":15}},"180":{"start":{"line":387,"column":16},"end":{"line":387,"column":26}},"181":{"start":{"line":388,"column":2},"end":{"line":388,"column":39}},"182":{"start":{"line":390,"column":1},"end":{"line":390,"column":72}},"183":{"start":{"line":391,"column":1},"end":{"line":393,"column":3}},"184":{"start":{"line":394,"column":1},"end":{"line":396,"column":4}},"185":{"start":{"line":398,"column":1},"end":{"line":398,"column":9}},"186":{"start":{"line":403,"column":18},"end":{"line":403,"column":36}},"187":{"start":{"line":404,"column":1},"end":{"line":409,"column":2}},"188":{"start":{"line":405,"column":2},"end":{"line":407,"column":5}},"189":{"start":{"line":408,"column":2},"end":{"line":408,"column":9}},"190":{"start":{"line":410,"column":34},"end":{"line":413,"column":3}},"191":{"start":{"line":415,"column":1},"end":{"line":415,"column":27}},"192":{"start":{"line":415,"column":21},"end":{"line":415,"column":27}},"193":{"start":{"line":418,"column":15},"end":{"line":418,"column":77}},"194":{"start":{"line":419,"column":14},"end":{"line":421,"column":2}},"195":{"start":{"line":422,"column":18},"end":{"line":422,"column":35}},"196":{"start":{"line":423,"column":19},"end":{"line":423,"column":43}},"197":{"start":{"line":424,"column":1},"end":{"line":426,"column":4}},"198":{"start":{"line":428,"column":1},"end":{"line":428,"column":9}},"199":{"start":{"line":526,"column":1},"end":{"line":534,"column":2}},"200":{"start":{"line":527,"column":16},"end":{"line":527,"column":29}},"201":{"start":{"line":528,"column":15},"end":{"line":528,"column":33}},"202":{"start":{"line":529,"column":19},"end":{"line":529,"column":36}},"203":{"start":{"line":530,"column":2},"end":{"line":530,"column":29}},"204":{"start":{"line":533,"column":2},"end":{"line":533,"column":53}}},"fnMap":{"0":{"name":"(anonymous_0)","decl":{"start":{"line":5,"column":46},"end":{"line":5,"column":47}},"loc":{"start":{"line":5,"column":52},"end":{"line":25,"column":1}},"line":5},"1":{"name":"(anonymous_1)","decl":{"start":{"line":12,"column":14},"end":{"line":12,"column":15}},"loc":{"start":{"line":12,"column":20},"end":{"line":17,"column":2}},"line":12},"2":{"name":"(anonymous_2)","decl":{"start":{"line":19,"column":38},"end":{"line":19,"column":39}},"loc":{"start":{"line":19,"column":49},"end":{"line":22,"column":2}},"line":19},"3":{"name":"play","decl":{"start":{"line":28,"column":16},"end":{"line":28,"column":20}},"loc":{"start":{"line":28,"column":23},"end":{"line":30,"column":1}},"line":28},"4":{"name":"pause","decl":{"start":{"line":33,"column":16},"end":{"line":33,"column":21}},"loc":{"start":{"line":33,"column":24},"end":{"line":35,"column":1}},"line":33},"5":{"name":"playPrev","decl":{"start":{"line":38,"column":16},"end":{"line":38,"column":24}},"loc":{"start":{"line":38,"column":27},"end":{"line":40,"column":1}},"line":38},"6":{"name":"playNext","decl":{"start":{"line":43,"column":16},"end":{"line":43,"column":24}},"loc":{"start":{"line":43,"column":27},"end":{"line":45,"column":1}},"line":43},"7":{"name":"randomTrack","decl":{"start":{"line":48,"column":9},"end":{"line":48,"column":20}},"loc":{"start":{"line":48,"column":23},"end":{"line":50,"column":1}},"line":48},"8":{"name":"changeWallpaper","decl":{"start":{"line":52,"column":9},"end":{"line":52,"column":24}},"loc":{"start":{"line":52,"column":45},"end":{"line":64,"column":1}},"line":52},"9":{"name":"(anonymous_9)","decl":{"start":{"line":57,"column":17},"end":{"line":57,"column":18}},"loc":{"start":{"line":57,"column":27},"end":{"line":57,"column":70}},"line":57},"10":{"name":"populatePlayListContentTable","decl":{"start":{"line":67,"column":16},"end":{"line":67,"column":44}},"loc":{"start":{"line":67,"column":67},"end":{"line":218,"column":1}},"line":67},"11":{"name":"(anonymous_11)","decl":{"start":{"line":69,"column":51},"end":{"line":69,"column":52}},"loc":{"start":{"line":69,"column":57},"end":{"line":71,"column":2}},"line":69},"12":{"name":"(anonymous_12)","decl":{"start":{"line":72,"column":51},"end":{"line":72,"column":52}},"loc":{"start":{"line":72,"column":57},"end":{"line":74,"column":2}},"line":72},"13":{"name":"(anonymous_13)","decl":{"start":{"line":75,"column":51},"end":{"line":75,"column":52}},"loc":{"start":{"line":75,"column":57},"end":{"line":77,"column":2}},"line":75},"14":{"name":"(anonymous_14)","decl":{"start":{"line":78,"column":51},"end":{"line":78,"column":52}},"loc":{"start":{"line":78,"column":57},"end":{"line":80,"column":2}},"line":78},"15":{"name":"(anonymous_15)","decl":{"start":{"line":81,"column":51},"end":{"line":81,"column":52}},"loc":{"start":{"line":81,"column":57},"end":{"line":83,"column":2}},"line":81},"16":{"name":"(anonymous_16)","decl":{"start":{"line":84,"column":42},"end":{"line":84,"column":43}},"loc":{"start":{"line":84,"column":48},"end":{"line":86,"column":2}},"line":84},"17":{"name":"(anonymous_17)","decl":{"start":{"line":87,"column":43},"end":{"line":87,"column":44}},"loc":{"start":{"line":87,"column":49},"end":{"line":89,"column":2}},"line":87},"18":{"name":"(anonymous_18)","decl":{"start":{"line":90,"column":44},"end":{"line":90,"column":45}},"loc":{"start":{"line":90,"column":50},"end":{"line":92,"column":2}},"line":90},"19":{"name":"(anonymous_19)","decl":{"start":{"line":93,"column":42},"end":{"line":93,"column":43}},"loc":{"start":{"line":93,"column":48},"end":{"line":95,"column":2}},"line":93},"20":{"name":"(anonymous_20)","decl":{"start":{"line":96,"column":51},"end":{"line":96,"column":52}},"loc":{"start":{"line":96,"column":57},"end":{"line":98,"column":2}},"line":96},"21":{"name":"(anonymous_21)","decl":{"start":{"line":99,"column":51},"end":{"line":99,"column":52}},"loc":{"start":{"line":99,"column":57},"end":{"line":101,"column":2}},"line":99},"22":{"name":"(anonymous_22)","decl":{"start":{"line":110,"column":38},"end":{"line":110,"column":39}},"loc":{"start":{"line":110,"column":51},"end":{"line":158,"column":2}},"line":110},"23":{"name":"(anonymous_23)","decl":{"start":{"line":159,"column":41},"end":{"line":159,"column":42}},"loc":{"start":{"line":159,"column":53},"end":{"line":199,"column":2}},"line":159},"24":{"name":"(anonymous_24)","decl":{"start":{"line":200,"column":40},"end":{"line":200,"column":41}},"loc":{"start":{"line":200,"column":46},"end":{"line":202,"column":2}},"line":200},"25":{"name":"(anonymous_25)","decl":{"start":{"line":204,"column":37},"end":{"line":204,"column":38}},"loc":{"start":{"line":204,"column":43},"end":{"line":206,"column":2}},"line":204},"26":{"name":"(anonymous_26)","decl":{"start":{"line":208,"column":36},"end":{"line":208,"column":37}},"loc":{"start":{"line":208,"column":42},"end":{"line":210,"column":2}},"line":208},"27":{"name":"(anonymous_27)","decl":{"start":{"line":212,"column":37},"end":{"line":212,"column":38}},"loc":{"start":{"line":212,"column":43},"end":{"line":215,"column":2}},"line":212},"28":{"name":"reset","decl":{"start":{"line":221,"column":9},"end":{"line":221,"column":14}},"loc":{"start":{"line":221,"column":17},"end":{"line":229,"column":1}},"line":221},"29":{"name":"modify","decl":{"start":{"line":232,"column":9},"end":{"line":232,"column":15}},"loc":{"start":{"line":232,"column":18},"end":{"line":262,"column":1}},"line":232},"30":{"name":"(anonymous_30)","decl":{"start":{"line":244,"column":18},"end":{"line":244,"column":19}},"loc":{"start":{"line":244,"column":29},"end":{"line":248,"column":3}},"line":244},"31":{"name":"(anonymous_31)","decl":{"start":{"line":249,"column":9},"end":{"line":249,"column":10}},"loc":{"start":{"line":249,"column":21},"end":{"line":261,"column":2}},"line":249},"32":{"name":"editHandler","decl":{"start":{"line":265,"column":22},"end":{"line":265,"column":33}},"loc":{"start":{"line":265,"column":74},"end":{"line":326,"column":1}},"line":265},"33":{"name":"(anonymous_33)","decl":{"start":{"line":291,"column":14},"end":{"line":291,"column":15}},"loc":{"start":{"line":291,"column":20},"end":{"line":297,"column":3}},"line":291},"34":{"name":"addHandler","decl":{"start":{"line":329,"column":22},"end":{"line":329,"column":32}},"loc":{"start":{"line":329,"column":62},"end":{"line":399,"column":1}},"line":329},"35":{"name":"(anonymous_35)","decl":{"start":{"line":372,"column":14},"end":{"line":372,"column":15}},"loc":{"start":{"line":372,"column":20},"end":{"line":378,"column":3}},"line":372},"36":{"name":"deleteHandler","decl":{"start":{"line":402,"column":22},"end":{"line":402,"column":35}},"loc":{"start":{"line":402,"column":65},"end":{"line":429,"column":1}},"line":402},"37":{"name":"isLoggedIn","decl":{"start":{"line":525,"column":15},"end":{"line":525,"column":25}},"loc":{"start":{"line":525,"column":28},"end":{"line":535,"column":1}},"line":525}},"branchMap":{"0":{"loc":{"start":{"line":61,"column":1},"end":{"line":63,"column":2}},"type":"if","locations":[{"start":{"line":61,"column":1},"end":{"line":63,"column":2}},{"start":{},"end":{}}],"line":61},"1":{"loc":{"start":{"line":133,"column":3},"end":{"line":154,"column":4}},"type":"if","locations":[{"start":{"line":133,"column":3},"end":{"line":154,"column":4}},{"start":{"line":140,"column":10},"end":{"line":154,"column":4}}],"line":133},"2":{"loc":{"start":{"line":140,"column":10},"end":{"line":154,"column":4}},"type":"if","locations":[{"start":{"line":140,"column":10},"end":{"line":154,"column":4}},{"start":{"line":147,"column":10},"end":{"line":154,"column":4}}],"line":140},"3":{"loc":{"start":{"line":181,"column":3},"end":{"line":195,"column":4}},"type":"if","locations":[{"start":{"line":181,"column":3},"end":{"line":195,"column":4}},{"start":{"line":188,"column":10},"end":{"line":195,"column":4}}],"line":181},"4":{"loc":{"start":{"line":245,"column":3},"end":{"line":247,"column":4}},"type":"if","locations":[{"start":{"line":245,"column":3},"end":{"line":247,"column":4}},{"start":{},"end":{}}],"line":245},"5":{"loc":{"start":{"line":250,"column":2},"end":{"line":260,"column":3}},"type":"if","locations":[{"start":{"line":250,"column":2},"end":{"line":260,"column":3}},{"start":{},"end":{}}],"line":250},"6":{"loc":{"start":{"line":251,"column":3},"end":{"line":259,"column":4}},"type":"if","locations":[{"start":{"line":251,"column":3},"end":{"line":259,"column":4}},{"start":{"line":253,"column":10},"end":{"line":259,"column":4}}],"line":251},"7":{"loc":{"start":{"line":253,"column":10},"end":{"line":259,"column":4}},"type":"if","locations":[{"start":{"line":253,"column":10},"end":{"line":259,"column":4}},{"start":{"line":255,"column":10},"end":{"line":259,"column":4}}],"line":253},"8":{"loc":{"start":{"line":255,"column":10},"end":{"line":259,"column":4}},"type":"if","locations":[{"start":{"line":255,"column":10},"end":{"line":259,"column":4}},{"start":{"line":257,"column":10},"end":{"line":259,"column":4}}],"line":255},"9":{"loc":{"start":{"line":267,"column":1},"end":{"line":272,"column":2}},"type":"if","locations":[{"start":{"line":267,"column":1},"end":{"line":272,"column":2}},{"start":{},"end":{}}],"line":267},"10":{"loc":{"start":{"line":302,"column":2},"end":{"line":305,"column":3}},"type":"if","locations":[{"start":{"line":302,"column":2},"end":{"line":305,"column":3}},{"start":{},"end":{}}],"line":302},"11":{"loc":{"start":{"line":308,"column":1},"end":{"line":308,"column":20}},"type":"if","locations":[{"start":{"line":308,"column":1},"end":{"line":308,"column":20}},{"start":{},"end":{}}],"line":308},"12":{"loc":{"start":{"line":331,"column":1},"end":{"line":336,"column":2}},"type":"if","locations":[{"start":{"line":331,"column":1},"end":{"line":336,"column":2}},{"start":{},"end":{}}],"line":331},"13":{"loc":{"start":{"line":349,"column":1},"end":{"line":351,"column":2}},"type":"if","locations":[{"start":{"line":349,"column":1},"end":{"line":351,"column":2}},{"start":{},"end":{}}],"line":349},"14":{"loc":{"start":{"line":352,"column":1},"end":{"line":354,"column":2}},"type":"if","locations":[{"start":{"line":352,"column":1},"end":{"line":354,"column":2}},{"start":{},"end":{}}],"line":352},"15":{"loc":{"start":{"line":382,"column":1},"end":{"line":382,"column":24}},"type":"if","locations":[{"start":{"line":382,"column":1},"end":{"line":382,"column":24}},{"start":{},"end":{}}],"line":382},"16":{"loc":{"start":{"line":404,"column":1},"end":{"line":409,"column":2}},"type":"if","locations":[{"start":{"line":404,"column":1},"end":{"line":409,"column":2}},{"start":{},"end":{}}],"line":404},"17":{"loc":{"start":{"line":415,"column":1},"end":{"line":415,"column":27}},"type":"if","locations":[{"start":{"line":415,"column":1},"end":{"line":415,"column":27}},{"start":{},"end":{}}],"line":415}},"s":{"0":5,"1":0,"2":0,"3":0,"4":0,"5":0,"6":0,"7":0,"8":0,"9":0,"10":0,"11":0,"12":0,"13":0,"14":0,"15":2,"16":2,"17":1,"18":1,"19":1,"20":0,"21":0,"22":0,"23":0,"24":0,"25":0,"26":0,"27":2,"28":0,"29":2,"30":0,"31":2,"32":0,"33":2,"34":0,"35":2,"36":0,"37":2,"38":1,"39":2,"40":1,"41":2,"42":1,"43":2,"44":1,"45":2,"46":1,"47":2,"48":0,"49":2,"50":2,"51":2,"52":2,"53":2,"54":2,"55":2,"56":2,"57":0,"58":0,"59":0,"60":0,"61":0,"62":0,"63":0,"64":0,"65":0,"66":0,"67":0,"68":0,"69":0,"70":0,"71":0,"72":0,"73":2,"74":0,"75":0,"76":0,"77":0,"78":0,"79":0,"80":0,"81":0,"82":0,"83":0,"84":0,"85":0,"86":0,"87":0,"88":2,"89":0,"90":2,"91":0,"92":2,"93":0,"94":2,"95":0,"96":0,"97":2,"98":0,"99":0,"100":0,"101":0,"102":0,"103":0,"104":0,"105":0,"106":0,"107":0,"108":0,"109":0,"110":0,"111":0,"112":0,"113":0,"114":0,"115":0,"116":0,"117":0,"118":0,"119":0,"120":0,"121":0,"122":0,"123":0,"124":0,"125":0,"126":0,"127":0,"128":0,"129":0,"130":0,"131":0,"132":0,"133":0,"134":0,"135":0,"136":0,"137":0,"138":0,"139":0,"140":0,"141":0,"142":0,"143":0,"144":0,"145":0,"146":0,"147":0,"148":0,"149":0,"150":0,"151":0,"152":0,"153":0,"154":0,"155":0,"156":0,"157":0,"158":0,"159":0,"160":0,"161":0,"162":0,"163":0,"164":0,"165":0,"166":0,"167":0,"168":0,"169":0,"170":0,"171":0,"172":0,"173":0,"174":0,"175":0,"176":0,"177":0,"178":0,"179":0,"180":0,"181":0,"182":0,"183":0,"184":0,"185":0,"186":0,"187":0,"188":0,"189":0,"190":0,"191":0,"192":0,"193":0,"194":0,"195":0,"196":0,"197":0,"198":0,"199":0,"200":0,"201":0,"202":0,"203":0,"204":0},"f":{"0":0,"1":0,"2":0,"3":2,"4":2,"5":1,"6":1,"7":1,"8":0,"9":0,"10":2,"11":0,"12":0,"13":0,"14":0,"15":0,"16":1,"17":1,"18":1,"19":1,"20":1,"21":0,"22":0,"23":0,"24":0,"25":0,"26":0,"27":0,"28":0,"29":0,"30":0,"31":0,"32":0,"33":0,"34":0,"35":0,"36":0,"37":0},"b":{"0":[0,0],"1":[0,0],"2":[0,0],"3":[0,0],"4":[0,0],"5":[0,0],"6":[0,0],"7":[0,0],"8":[0,0],"9":[0,0],"10":[0,0],"11":[0,0],"12":[0,0],"13":[0,0],"14":[0,0],"15":[0,0],"16":[0,0],"17":[0,0]},"_coverageSchema":"1a1c01bbd47fc00a2c39e90264f33305004495a9","hash":"04f06c20fcb2d6294b4ded9fac2370925ba5fcde"}
}
