{"/mnt/g/CovidMemories/public/Playlist.js": {"path":"/mnt/g/CovidMemories/public/Playlist.js","statementMap":{"0":{"start":{"line":13,"column":8},"end":{"line":13,"column":25}},"1":{"start":{"line":14,"column":8},"end":{"line":14,"column":23}},"2":{"start":{"line":15,"column":8},"end":{"line":15,"column":23}},"3":{"start":{"line":16,"column":8},"end":{"line":16,"column":39}},"4":{"start":{"line":17,"column":8},"end":{"line":17,"column":69}},"5":{"start":{"line":18,"column":8},"end":{"line":18,"column":27}},"6":{"start":{"line":20,"column":8},"end":{"line":28,"column":9}},"7":{"start":{"line":21,"column":27},"end":{"line":21,"column":69}},"8":{"start":{"line":22,"column":12},"end":{"line":22,"column":35}},"9":{"start":{"line":24,"column":12},"end":{"line":27,"column":13}},"10":{"start":{"line":25,"column":16},"end":{"line":25,"column":54}},"11":{"start":{"line":26,"column":16},"end":{"line":26,"column":54}},"12":{"start":{"line":33,"column":28},"end":{"line":33,"column":33}},"13":{"start":{"line":35,"column":8},"end":{"line":37,"column":9}},"14":{"start":{"line":36,"column":12},"end":{"line":36,"column":34}},"15":{"start":{"line":39,"column":8},"end":{"line":39,"column":39}},"16":{"start":{"line":45,"column":26},"end":{"line":45,"column":42}},"17":{"start":{"line":46,"column":8},"end":{"line":48,"column":9}},"18":{"start":{"line":46,"column":21},"end":{"line":46,"column":33}},"19":{"start":{"line":47,"column":12},"end":{"line":47,"column":35}},"20":{"start":{"line":53,"column":22},"end":{"line":53,"column":38}},"21":{"start":{"line":54,"column":8},"end":{"line":56,"column":9}},"22":{"start":{"line":54,"column":21},"end":{"line":54,"column":29}},"23":{"start":{"line":55,"column":12},"end":{"line":55,"column":35}},"24":{"start":{"line":61,"column":25},"end":{"line":61,"column":56}},"25":{"start":{"line":63,"column":8},"end":{"line":63,"column":83}},"26":{"start":{"line":64,"column":8},"end":{"line":67,"column":9}},"27":{"start":{"line":65,"column":27},"end":{"line":65,"column":77}},"28":{"start":{"line":66,"column":12},"end":{"line":66,"column":35}},"29":{"start":{"line":72,"column":8},"end":{"line":77,"column":9}},"30":{"start":{"line":73,"column":24},"end":{"line":73,"column":36}},"31":{"start":{"line":74,"column":12},"end":{"line":76,"column":13}},"32":{"start":{"line":75,"column":16},"end":{"line":75,"column":39}},"33":{"start":{"line":82,"column":8},"end":{"line":82,"column":21}},"34":{"start":{"line":83,"column":8},"end":{"line":85,"column":9}},"35":{"start":{"line":84,"column":12},"end":{"line":84,"column":35}},"36":{"start":{"line":91,"column":23},"end":{"line":91,"column":37}},"37":{"start":{"line":93,"column":8},"end":{"line":95,"column":9}},"38":{"start":{"line":94,"column":12},"end":{"line":94,"column":23}},"39":{"start":{"line":97,"column":8},"end":{"line":99,"column":9}},"40":{"start":{"line":98,"column":12},"end":{"line":98,"column":25}},"41":{"start":{"line":101,"column":8},"end":{"line":101,"column":31}},"42":{"start":{"line":102,"column":8},"end":{"line":102,"column":20}},"43":{"start":{"line":108,"column":23},"end":{"line":108,"column":37}},"44":{"start":{"line":110,"column":8},"end":{"line":112,"column":9}},"45":{"start":{"line":111,"column":12},"end":{"line":111,"column":23}},"46":{"start":{"line":114,"column":8},"end":{"line":116,"column":9}},"47":{"start":{"line":115,"column":12},"end":{"line":115,"column":25}},"48":{"start":{"line":118,"column":8},"end":{"line":118,"column":31}},"49":{"start":{"line":119,"column":8},"end":{"line":119,"column":20}},"50":{"start":{"line":124,"column":8},"end":{"line":124,"column":38}},"51":{"start":{"line":125,"column":8},"end":{"line":125,"column":30}},"52":{"start":{"line":126,"column":8},"end":{"line":126,"column":37}},"53":{"start":{"line":131,"column":8},"end":{"line":131,"column":37}},"54":{"start":{"line":136,"column":8},"end":{"line":136,"column":38}},"55":{"start":{"line":141,"column":8},"end":{"line":143,"column":9}},"56":{"start":{"line":142,"column":12},"end":{"line":142,"column":33}},"57":{"start":{"line":144,"column":8},"end":{"line":144,"column":23}},"58":{"start":{"line":149,"column":8},"end":{"line":151,"column":9}},"59":{"start":{"line":150,"column":12},"end":{"line":150,"column":41}},"60":{"start":{"line":156,"column":8},"end":{"line":158,"column":9}},"61":{"start":{"line":157,"column":12},"end":{"line":157,"column":44}},"62":{"start":{"line":163,"column":8},"end":{"line":165,"column":9}},"63":{"start":{"line":164,"column":12},"end":{"line":164,"column":42}},"64":{"start":{"line":170,"column":8},"end":{"line":172,"column":9}},"65":{"start":{"line":171,"column":12},"end":{"line":171,"column":39}}},"fnMap":{"0":{"name":"(anonymous_0)","decl":{"start":{"line":12,"column":4},"end":{"line":12,"column":5}},"loc":{"start":{"line":12,"column":40},"end":{"line":29,"column":5}},"line":12},"1":{"name":"(anonymous_1)","decl":{"start":{"line":32,"column":4},"end":{"line":32,"column":5}},"loc":{"start":{"line":32,"column":18},"end":{"line":49,"column":5}},"line":32},"2":{"name":"(anonymous_2)","decl":{"start":{"line":52,"column":4},"end":{"line":52,"column":5}},"loc":{"start":{"line":52,"column":18},"end":{"line":57,"column":5}},"line":52},"3":{"name":"(anonymous_3)","decl":{"start":{"line":60,"column":4},"end":{"line":60,"column":5}},"loc":{"start":{"line":60,"column":23},"end":{"line":68,"column":5}},"line":60},"4":{"name":"(anonymous_4)","decl":{"start":{"line":71,"column":4},"end":{"line":71,"column":5}},"loc":{"start":{"line":71,"column":15},"end":{"line":78,"column":5}},"line":71},"5":{"name":"(anonymous_5)","decl":{"start":{"line":81,"column":4},"end":{"line":81,"column":5}},"loc":{"start":{"line":81,"column":15},"end":{"line":86,"column":5}},"line":81},"6":{"name":"(anonymous_6)","decl":{"start":{"line":90,"column":4},"end":{"line":90,"column":5}},"loc":{"start":{"line":90,"column":15},"end":{"line":103,"column":5}},"line":90},"7":{"name":"(anonymous_7)","decl":{"start":{"line":107,"column":4},"end":{"line":107,"column":5}},"loc":{"start":{"line":107,"column":15},"end":{"line":120,"column":5}},"line":107},"8":{"name":"(anonymous_8)","decl":{"start":{"line":123,"column":4},"end":{"line":123,"column":5}},"loc":{"start":{"line":123,"column":22},"end":{"line":127,"column":5}},"line":123},"9":{"name":"(anonymous_9)","decl":{"start":{"line":130,"column":4},"end":{"line":130,"column":5}},"loc":{"start":{"line":130,"column":11},"end":{"line":132,"column":5}},"line":130},"10":{"name":"(anonymous_10)","decl":{"start":{"line":135,"column":4},"end":{"line":135,"column":5}},"loc":{"start":{"line":135,"column":12},"end":{"line":137,"column":5}},"line":135},"11":{"name":"(anonymous_11)","decl":{"start":{"line":140,"column":4},"end":{"line":140,"column":5}},"loc":{"start":{"line":140,"column":12},"end":{"line":145,"column":5}},"line":140},"12":{"name":"(anonymous_12)","decl":{"start":{"line":148,"column":4},"end":{"line":148,"column":5}},"loc":{"start":{"line":148,"column":21},"end":{"line":152,"column":5}},"line":148},"13":{"name":"(anonymous_13)","decl":{"start":{"line":155,"column":4},"end":{"line":155,"column":5}},"loc":{"start":{"line":155,"column":24},"end":{"line":159,"column":5}},"line":155},"14":{"name":"(anonymous_14)","decl":{"start":{"line":162,"column":4},"end":{"line":162,"column":5}},"loc":{"start":{"line":162,"column":22},"end":{"line":166,"column":5}},"line":162},"15":{"name":"(anonymous_15)","decl":{"start":{"line":169,"column":4},"end":{"line":169,"column":5}},"loc":{"start":{"line":169,"column":19},"end":{"line":173,"column":5}},"line":169}},"branchMap":{"0":{"loc":{"start":{"line":24,"column":12},"end":{"line":27,"column":13}},"type":"if","locations":[{"start":{"line":24,"column":12},"end":{"line":27,"column":13}},{"start":{},"end":{}}],"line":24},"1":{"loc":{"start":{"line":35,"column":8},"end":{"line":37,"column":9}},"type":"if","locations":[{"start":{"line":35,"column":8},"end":{"line":37,"column":9}},{"start":{},"end":{}}],"line":35},"2":{"loc":{"start":{"line":74,"column":12},"end":{"line":76,"column":13}},"type":"if","locations":[{"start":{"line":74,"column":12},"end":{"line":76,"column":13}},{"start":{},"end":{}}],"line":74},"3":{"loc":{"start":{"line":93,"column":15},"end":{"line":93,"column":83}},"type":"binary-expr","locations":[{"start":{"line":93,"column":15},"end":{"line":93,"column":42}},{"start":{"line":93,"column":46},"end":{"line":93,"column":83}}],"line":93},"4":{"loc":{"start":{"line":97,"column":8},"end":{"line":99,"column":9}},"type":"if","locations":[{"start":{"line":97,"column":8},"end":{"line":99,"column":9}},{"start":{},"end":{}}],"line":97},"5":{"loc":{"start":{"line":110,"column":15},"end":{"line":110,"column":69}},"type":"binary-expr","locations":[{"start":{"line":110,"column":15},"end":{"line":110,"column":28}},{"start":{"line":110,"column":32},"end":{"line":110,"column":69}}],"line":110},"6":{"loc":{"start":{"line":114,"column":8},"end":{"line":116,"column":9}},"type":"if","locations":[{"start":{"line":114,"column":8},"end":{"line":116,"column":9}},{"start":{},"end":{}}],"line":114}},"s":{"0":2,"1":2,"2":2,"3":2,"4":2,"5":2,"6":2,"7":4,"8":4,"9":4,"10":0,"11":0,"12":0,"13":0,"14":0,"15":0,"16":0,"17":0,"18":0,"19":0,"20":0,"21":0,"22":0,"23":0,"24":0,"25":0,"26":0,"27":0,"28":0,"29":0,"30":0,"31":0,"32":0,"33":0,"34":0,"35":0,"36":0,"37":0,"38":0,"39":0,"40":0,"41":0,"42":0,"43":0,"44":0,"45":0,"46":0,"47":0,"48":0,"49":0,"50":1,"51":1,"52":1,"53":0,"54":1,"55":0,"56":0,"57":0,"58":0,"59":0,"60":0,"61":0,"62":0,"63":0,"64":0,"65":0},"f":{"0":2,"1":0,"2":0,"3":0,"4":0,"5":0,"6":0,"7":0,"8":1,"9":0,"10":1,"11":0,"12":0,"13":0,"14":0,"15":0},"b":{"0":[0,4],"1":[0,0],"2":[0,0],"3":[0,0],"4":[0,0],"5":[0,0],"6":[0,0]},"_coverageSchema":"1a1c01bbd47fc00a2c39e90264f33305004495a9","hash":"d94b46eac4c1a1ee3410a77b2a7c79e58c2f72b5"}
,"/mnt/g/CovidMemories/public/Row.js": {"path":"/mnt/g/CovidMemories/public/Row.js","statementMap":{"0":{"start":{"line":37,"column":8},"end":{"line":37,"column":39}},"1":{"start":{"line":38,"column":8},"end":{"line":38,"column":41}},"2":{"start":{"line":39,"column":8},"end":{"line":39,"column":33}},"3":{"start":{"line":40,"column":8},"end":{"line":40,"column":50}},"4":{"start":{"line":41,"column":8},"end":{"line":41,"column":62}},"5":{"start":{"line":43,"column":8},"end":{"line":43,"column":26}},"6":{"start":{"line":44,"column":8},"end":{"line":44,"column":31}},"7":{"start":{"line":45,"column":8},"end":{"line":45,"column":30}},"8":{"start":{"line":46,"column":8},"end":{"line":46,"column":36}},"9":{"start":{"line":47,"column":8},"end":{"line":47,"column":28}},"10":{"start":{"line":48,"column":8},"end":{"line":48,"column":34}},"11":{"start":{"line":49,"column":8},"end":{"line":49,"column":32}},"12":{"start":{"line":50,"column":8},"end":{"line":50,"column":27}},"13":{"start":{"line":52,"column":8},"end":{"line":52,"column":42}},"14":{"start":{"line":54,"column":8},"end":{"line":54,"column":40}},"15":{"start":{"line":55,"column":8},"end":{"line":55,"column":30}},"16":{"start":{"line":56,"column":8},"end":{"line":56,"column":35}},"17":{"start":{"line":58,"column":8},"end":{"line":58,"column":63}},"18":{"start":{"line":60,"column":8},"end":{"line":65,"column":9}},"19":{"start":{"line":61,"column":12},"end":{"line":61,"column":38}},"20":{"start":{"line":62,"column":12},"end":{"line":62,"column":34}},"21":{"start":{"line":63,"column":12},"end":{"line":63,"column":35}},"22":{"start":{"line":64,"column":12},"end":{"line":64,"column":19}},"23":{"start":{"line":67,"column":24},"end":{"line":67,"column":49}},"24":{"start":{"line":68,"column":8},"end":{"line":71,"column":11}},"25":{"start":{"line":69,"column":12},"end":{"line":69,"column":43}},"26":{"start":{"line":70,"column":12},"end":{"line":70,"column":47}},"27":{"start":{"line":73,"column":8},"end":{"line":73,"column":60}},"28":{"start":{"line":74,"column":8},"end":{"line":74,"column":40}},"29":{"start":{"line":75,"column":8},"end":{"line":78,"column":11}},"30":{"start":{"line":77,"column":12},"end":{"line":77,"column":40}},"31":{"start":{"line":80,"column":27},"end":{"line":80,"column":49}},"32":{"start":{"line":82,"column":8},"end":{"line":82,"column":52}},"33":{"start":{"line":83,"column":8},"end":{"line":85,"column":9}},"34":{"start":{"line":84,"column":12},"end":{"line":84,"column":28}},"35":{"start":{"line":86,"column":8},"end":{"line":86,"column":52}},"36":{"start":{"line":88,"column":25},"end":{"line":88,"column":47}},"37":{"start":{"line":89,"column":8},"end":{"line":89,"column":58}},"38":{"start":{"line":91,"column":28},"end":{"line":91,"column":50}},"39":{"start":{"line":92,"column":8},"end":{"line":92,"column":45}},"40":{"start":{"line":94,"column":26},"end":{"line":94,"column":48}},"41":{"start":{"line":95,"column":8},"end":{"line":95,"column":41}},"42":{"start":{"line":97,"column":32},"end":{"line":97,"column":54}},"43":{"start":{"line":98,"column":8},"end":{"line":98,"column":53}},"44":{"start":{"line":103,"column":8},"end":{"line":103,"column":40}},"45":{"start":{"line":104,"column":8},"end":{"line":104,"column":41}},"46":{"start":{"line":105,"column":8},"end":{"line":105,"column":64}},"47":{"start":{"line":107,"column":26},"end":{"line":107,"column":48}},"48":{"start":{"line":108,"column":8},"end":{"line":108,"column":92}},"49":{"start":{"line":110,"column":8},"end":{"line":110,"column":31}},"50":{"start":{"line":111,"column":8},"end":{"line":111,"column":31}},"51":{"start":{"line":113,"column":29},"end":{"line":113,"column":51}},"52":{"start":{"line":114,"column":31},"end":{"line":114,"column":63}},"53":{"start":{"line":115,"column":8},"end":{"line":115,"column":71}},"54":{"start":{"line":116,"column":8},"end":{"line":116,"column":63}},"55":{"start":{"line":117,"column":2},"end":{"line":117,"column":55}},"56":{"start":{"line":118,"column":2},"end":{"line":118,"column":56}},"57":{"start":{"line":119,"column":8},"end":{"line":119,"column":62}},"58":{"start":{"line":121,"column":28},"end":{"line":121,"column":57}},"59":{"start":{"line":122,"column":2},"end":{"line":122,"column":42}},"60":{"start":{"line":124,"column":24},"end":{"line":124,"column":51}},"61":{"start":{"line":125,"column":28},"end":{"line":125,"column":57}},"62":{"start":{"line":126,"column":8},"end":{"line":128,"column":11}},"63":{"start":{"line":127,"column":12},"end":{"line":127,"column":50}},"64":{"start":{"line":129,"column":8},"end":{"line":129,"column":44}},"65":{"start":{"line":130,"column":8},"end":{"line":130,"column":47}},"66":{"start":{"line":132,"column":24},"end":{"line":132,"column":51}},"67":{"start":{"line":133,"column":8},"end":{"line":135,"column":11}},"68":{"start":{"line":134,"column":12},"end":{"line":134,"column":54}},"69":{"start":{"line":136,"column":8},"end":{"line":136,"column":44}},"70":{"start":{"line":137,"column":8},"end":{"line":137,"column":47}},"71":{"start":{"line":139,"column":24},"end":{"line":139,"column":51}},"72":{"start":{"line":140,"column":8},"end":{"line":143,"column":11}},"73":{"start":{"line":141,"column":12},"end":{"line":141,"column":50}},"74":{"start":{"line":142,"column":12},"end":{"line":142,"column":54}},"75":{"start":{"line":144,"column":8},"end":{"line":144,"column":44}},"76":{"start":{"line":145,"column":8},"end":{"line":145,"column":37}},"77":{"start":{"line":147,"column":8},"end":{"line":147,"column":41}},"78":{"start":{"line":148,"column":8},"end":{"line":148,"column":41}},"79":{"start":{"line":149,"column":8},"end":{"line":149,"column":41}},"80":{"start":{"line":151,"column":8},"end":{"line":151,"column":49}},"81":{"start":{"line":152,"column":8},"end":{"line":152,"column":46}},"82":{"start":{"line":157,"column":8},"end":{"line":157,"column":40}},"83":{"start":{"line":158,"column":8},"end":{"line":158,"column":30}},"84":{"start":{"line":163,"column":8},"end":{"line":163,"column":45}},"85":{"start":{"line":165,"column":8},"end":{"line":167,"column":9}},"86":{"start":{"line":166,"column":12},"end":{"line":166,"column":33}},"87":{"start":{"line":172,"column":8},"end":{"line":177,"column":9}},"88":{"start":{"line":173,"column":12},"end":{"line":173,"column":54}},"89":{"start":{"line":174,"column":12},"end":{"line":176,"column":14}},"90":{"start":{"line":175,"column":16},"end":{"line":175,"column":34}},"91":{"start":{"line":182,"column":8},"end":{"line":187,"column":9}},"92":{"start":{"line":183,"column":12},"end":{"line":183,"column":57}},"93":{"start":{"line":184,"column":12},"end":{"line":186,"column":14}},"94":{"start":{"line":185,"column":16},"end":{"line":185,"column":37}},"95":{"start":{"line":192,"column":8},"end":{"line":197,"column":9}},"96":{"start":{"line":193,"column":12},"end":{"line":193,"column":55}},"97":{"start":{"line":194,"column":12},"end":{"line":196,"column":14}},"98":{"start":{"line":195,"column":16},"end":{"line":195,"column":35}},"99":{"start":{"line":202,"column":8},"end":{"line":202,"column":52}},"100":{"start":{"line":203,"column":8},"end":{"line":205,"column":9}},"101":{"start":{"line":204,"column":12},"end":{"line":204,"column":28}},"102":{"start":{"line":210,"column":8},"end":{"line":214,"column":11}},"103":{"start":{"line":219,"column":8},"end":{"line":219,"column":59}},"104":{"start":{"line":220,"column":8},"end":{"line":220,"column":63}},"105":{"start":{"line":225,"column":8},"end":{"line":225,"column":62}},"106":{"start":{"line":226,"column":8},"end":{"line":226,"column":66}},"107":{"start":{"line":231,"column":8},"end":{"line":231,"column":95}},"108":{"start":{"line":232,"column":8},"end":{"line":232,"column":64}},"109":{"start":{"line":237,"column":8},"end":{"line":237,"column":43}},"110":{"start":{"line":238,"column":8},"end":{"line":238,"column":44}},"111":{"start":{"line":239,"column":8},"end":{"line":239,"column":33}},"112":{"start":{"line":240,"column":8},"end":{"line":240,"column":76}},"113":{"start":{"line":241,"column":8},"end":{"line":241,"column":57}},"114":{"start":{"line":242,"column":8},"end":{"line":242,"column":56}},"115":{"start":{"line":247,"column":8},"end":{"line":249,"column":9}},"116":{"start":{"line":248,"column":12},"end":{"line":248,"column":38}},"117":{"start":{"line":254,"column":8},"end":{"line":256,"column":9}},"118":{"start":{"line":255,"column":12},"end":{"line":255,"column":19}},"119":{"start":{"line":257,"column":8},"end":{"line":257,"column":34}},"120":{"start":{"line":258,"column":8},"end":{"line":258,"column":35}},"121":{"start":{"line":259,"column":8},"end":{"line":259,"column":21}},"122":{"start":{"line":260,"column":8},"end":{"line":260,"column":42}}},"fnMap":{"0":{"name":"(anonymous_0)","decl":{"start":{"line":36,"column":4},"end":{"line":36,"column":5}},"loc":{"start":{"line":36,"column":58},"end":{"line":99,"column":5}},"line":36},"1":{"name":"(anonymous_1)","decl":{"start":{"line":68,"column":46},"end":{"line":68,"column":47}},"loc":{"start":{"line":68,"column":52},"end":{"line":71,"column":9}},"line":68},"2":{"name":"(anonymous_2)","decl":{"start":{"line":75,"column":52},"end":{"line":75,"column":53}},"loc":{"start":{"line":75,"column":58},"end":{"line":78,"column":9}},"line":75},"3":{"name":"(anonymous_3)","decl":{"start":{"line":83,"column":38},"end":{"line":83,"column":39}},"loc":{"start":{"line":83,"column":44},"end":{"line":85,"column":9}},"line":83},"4":{"name":"(anonymous_4)","decl":{"start":{"line":102,"column":4},"end":{"line":102,"column":5}},"loc":{"start":{"line":102,"column":22},"end":{"line":153,"column":5}},"line":102},"5":{"name":"(anonymous_5)","decl":{"start":{"line":126,"column":42},"end":{"line":126,"column":43}},"loc":{"start":{"line":126,"column":48},"end":{"line":128,"column":9}},"line":126},"6":{"name":"(anonymous_6)","decl":{"start":{"line":133,"column":42},"end":{"line":133,"column":43}},"loc":{"start":{"line":133,"column":48},"end":{"line":135,"column":9}},"line":133},"7":{"name":"(anonymous_7)","decl":{"start":{"line":140,"column":42},"end":{"line":140,"column":43}},"loc":{"start":{"line":140,"column":48},"end":{"line":143,"column":9}},"line":140},"8":{"name":"(anonymous_8)","decl":{"start":{"line":156,"column":4},"end":{"line":156,"column":5}},"loc":{"start":{"line":156,"column":14},"end":{"line":159,"column":5}},"line":156},"9":{"name":"(anonymous_9)","decl":{"start":{"line":162,"column":4},"end":{"line":162,"column":5}},"loc":{"start":{"line":162,"column":14},"end":{"line":168,"column":5}},"line":162},"10":{"name":"(anonymous_10)","decl":{"start":{"line":171,"column":4},"end":{"line":171,"column":5}},"loc":{"start":{"line":171,"column":19},"end":{"line":178,"column":5}},"line":171},"11":{"name":"(anonymous_11)","decl":{"start":{"line":174,"column":42},"end":{"line":174,"column":43}},"loc":{"start":{"line":174,"column":48},"end":{"line":176,"column":13}},"line":174},"12":{"name":"(anonymous_12)","decl":{"start":{"line":181,"column":4},"end":{"line":181,"column":5}},"loc":{"start":{"line":181,"column":22},"end":{"line":188,"column":5}},"line":181},"13":{"name":"(anonymous_13)","decl":{"start":{"line":184,"column":42},"end":{"line":184,"column":43}},"loc":{"start":{"line":184,"column":48},"end":{"line":186,"column":13}},"line":184},"14":{"name":"(anonymous_14)","decl":{"start":{"line":191,"column":4},"end":{"line":191,"column":5}},"loc":{"start":{"line":191,"column":20},"end":{"line":198,"column":5}},"line":191},"15":{"name":"(anonymous_15)","decl":{"start":{"line":194,"column":42},"end":{"line":194,"column":43}},"loc":{"start":{"line":194,"column":48},"end":{"line":196,"column":13}},"line":194},"16":{"name":"(anonymous_16)","decl":{"start":{"line":201,"column":4},"end":{"line":201,"column":5}},"loc":{"start":{"line":201,"column":17},"end":{"line":206,"column":5}},"line":201},"17":{"name":"(anonymous_17)","decl":{"start":{"line":203,"column":38},"end":{"line":203,"column":39}},"loc":{"start":{"line":203,"column":44},"end":{"line":205,"column":9}},"line":203},"18":{"name":"(anonymous_18)","decl":{"start":{"line":209,"column":4},"end":{"line":209,"column":5}},"loc":{"start":{"line":209,"column":15},"end":{"line":215,"column":5}},"line":209},"19":{"name":"(anonymous_19)","decl":{"start":{"line":218,"column":4},"end":{"line":218,"column":5}},"loc":{"start":{"line":218,"column":17},"end":{"line":221,"column":5}},"line":218},"20":{"name":"(anonymous_20)","decl":{"start":{"line":224,"column":4},"end":{"line":224,"column":5}},"loc":{"start":{"line":224,"column":20},"end":{"line":227,"column":5}},"line":224},"21":{"name":"(anonymous_21)","decl":{"start":{"line":230,"column":4},"end":{"line":230,"column":5}},"loc":{"start":{"line":230,"column":18},"end":{"line":233,"column":5}},"line":230},"22":{"name":"(anonymous_22)","decl":{"start":{"line":236,"column":4},"end":{"line":236,"column":5}},"loc":{"start":{"line":236,"column":11},"end":{"line":243,"column":5}},"line":236},"23":{"name":"(anonymous_23)","decl":{"start":{"line":246,"column":4},"end":{"line":246,"column":5}},"loc":{"start":{"line":246,"column":12},"end":{"line":250,"column":5}},"line":246},"24":{"name":"(anonymous_24)","decl":{"start":{"line":253,"column":4},"end":{"line":253,"column":5}},"loc":{"start":{"line":253,"column":12},"end":{"line":261,"column":5}},"line":253}},"branchMap":{"0":{"loc":{"start":{"line":60,"column":8},"end":{"line":65,"column":9}},"type":"if","locations":[{"start":{"line":60,"column":8},"end":{"line":65,"column":9}},{"start":{},"end":{}}],"line":60},"1":{"loc":{"start":{"line":165,"column":8},"end":{"line":167,"column":9}},"type":"if","locations":[{"start":{"line":165,"column":8},"end":{"line":167,"column":9}},{"start":{},"end":{}}],"line":165},"2":{"loc":{"start":{"line":172,"column":8},"end":{"line":177,"column":9}},"type":"if","locations":[{"start":{"line":172,"column":8},"end":{"line":177,"column":9}},{"start":{},"end":{}}],"line":172},"3":{"loc":{"start":{"line":182,"column":8},"end":{"line":187,"column":9}},"type":"if","locations":[{"start":{"line":182,"column":8},"end":{"line":187,"column":9}},{"start":{},"end":{}}],"line":182},"4":{"loc":{"start":{"line":192,"column":8},"end":{"line":197,"column":9}},"type":"if","locations":[{"start":{"line":192,"column":8},"end":{"line":197,"column":9}},{"start":{},"end":{}}],"line":192},"5":{"loc":{"start":{"line":247,"column":8},"end":{"line":249,"column":9}},"type":"if","locations":[{"start":{"line":247,"column":8},"end":{"line":249,"column":9}},{"start":{},"end":{}}],"line":247},"6":{"loc":{"start":{"line":254,"column":8},"end":{"line":256,"column":9}},"type":"if","locations":[{"start":{"line":254,"column":8},"end":{"line":256,"column":9}},{"start":{},"end":{}}],"line":254}},"s":{"0":6,"1":6,"2":6,"3":6,"4":6,"5":6,"6":6,"7":6,"8":6,"9":6,"10":6,"11":6,"12":6,"13":6,"14":6,"15":6,"16":6,"17":6,"18":6,"19":0,"20":0,"21":0,"22":0,"23":6,"24":6,"25":0,"26":0,"27":6,"28":6,"29":6,"30":0,"31":6,"32":6,"33":6,"34":0,"35":6,"36":6,"37":6,"38":6,"39":6,"40":6,"41":6,"42":6,"43":6,"44":0,"45":0,"46":0,"47":0,"48":0,"49":0,"50":0,"51":0,"52":0,"53":0,"54":0,"55":0,"56":0,"57":0,"58":0,"59":0,"60":0,"61":0,"62":0,"63":0,"64":0,"65":0,"66":0,"67":0,"68":0,"69":0,"70":0,"71":0,"72":0,"73":0,"74":0,"75":0,"76":0,"77":0,"78":0,"79":0,"80":0,"81":0,"82":0,"83":0,"84":0,"85":0,"86":0,"87":0,"88":0,"89":0,"90":0,"91":0,"92":0,"93":0,"94":0,"95":1,"96":1,"97":1,"98":1,"99":0,"100":0,"101":0,"102":0,"103":0,"104":0,"105":0,"106":0,"107":0,"108":0,"109":1,"110":1,"111":1,"112":1,"113":1,"114":1,"115":2,"116":2,"117":1,"118":0,"119":1,"120":1,"121":1,"122":1},"f":{"0":6,"1":0,"2":0,"3":0,"4":0,"5":0,"6":0,"7":0,"8":0,"9":0,"10":0,"11":0,"12":0,"13":0,"14":1,"15":1,"16":0,"17":0,"18":0,"19":0,"20":0,"21":0,"22":1,"23":2,"24":1},"b":{"0":[0,6],"1":[0,0],"2":[0,0],"3":[0,0],"4":[1,0],"5":[2,0],"6":[0,1]},"_coverageSchema":"1a1c01bbd47fc00a2c39e90264f33305004495a9","hash":"051f8f8e5c1f71402ac193527cf3f95a2d52fe5d"}
,"/mnt/g/CovidMemories/public/Table.js": {"path":"/mnt/g/CovidMemories/public/Table.js","statementMap":{"0":{"start":{"line":20,"column":8},"end":{"line":20,"column":28}},"1":{"start":{"line":21,"column":8},"end":{"line":21,"column":42}},"2":{"start":{"line":22,"column":8},"end":{"line":22,"column":80}},"3":{"start":{"line":23,"column":8},"end":{"line":23,"column":56}},"4":{"start":{"line":24,"column":8},"end":{"line":24,"column":62}},"5":{"start":{"line":25,"column":8},"end":{"line":25,"column":64}},"6":{"start":{"line":26,"column":8},"end":{"line":26,"column":58}},"7":{"start":{"line":27,"column":8},"end":{"line":27,"column":60}},"8":{"start":{"line":28,"column":8},"end":{"line":28,"column":37}},"9":{"start":{"line":29,"column":8},"end":{"line":54,"column":11}},"10":{"start":{"line":30,"column":12},"end":{"line":30,"column":47}},"11":{"start":{"line":31,"column":30},"end":{"line":31,"column":48}},"12":{"start":{"line":32,"column":12},"end":{"line":32,"column":57}},"13":{"start":{"line":33,"column":24},"end":{"line":33,"column":25}},"14":{"start":{"line":35,"column":12},"end":{"line":47,"column":13}},"15":{"start":{"line":37,"column":16},"end":{"line":39,"column":17}},"16":{"start":{"line":38,"column":20},"end":{"line":38,"column":48}},"17":{"start":{"line":40,"column":16},"end":{"line":40,"column":24}},"18":{"start":{"line":42,"column":16},"end":{"line":42,"column":45}},"19":{"start":{"line":43,"column":29},"end":{"line":43,"column":44}},"20":{"start":{"line":44,"column":36},"end":{"line":44,"column":66}},"21":{"start":{"line":46,"column":16},"end":{"line":46,"column":49}},"22":{"start":{"line":49,"column":12},"end":{"line":51,"column":13}},"23":{"start":{"line":50,"column":16},"end":{"line":50,"column":49}},"24":{"start":{"line":53,"column":12},"end":{"line":53,"column":60}},"25":{"start":{"line":59,"column":23},"end":{"line":59,"column":55}},"26":{"start":{"line":60,"column":8},"end":{"line":60,"column":43}},"27":{"start":{"line":61,"column":8},"end":{"line":61,"column":34}},"28":{"start":{"line":62,"column":22},"end":{"line":62,"column":43}},"29":{"start":{"line":63,"column":8},"end":{"line":65,"column":11}},"30":{"start":{"line":64,"column":12},"end":{"line":64,"column":39}},"31":{"start":{"line":66,"column":8},"end":{"line":66,"column":46}},"32":{"start":{"line":71,"column":8},"end":{"line":71,"column":21}},"33":{"start":{"line":73,"column":8},"end":{"line":73,"column":46}},"34":{"start":{"line":75,"column":29},"end":{"line":75,"column":56}},"35":{"start":{"line":76,"column":8},"end":{"line":76,"column":32}},"36":{"start":{"line":77,"column":8},"end":{"line":77,"column":49}},"37":{"start":{"line":78,"column":8},"end":{"line":78,"column":33}},"38":{"start":{"line":83,"column":8},"end":{"line":87,"column":9}},"39":{"start":{"line":84,"column":12},"end":{"line":84,"column":25}},"40":{"start":{"line":85,"column":12},"end":{"line":85,"column":74}},"41":{"start":{"line":86,"column":12},"end":{"line":86,"column":24}},"42":{"start":{"line":88,"column":8},"end":{"line":88,"column":31}},"43":{"start":{"line":93,"column":8},"end":{"line":103,"column":9}},"44":{"start":{"line":94,"column":12},"end":{"line":94,"column":25}},"45":{"start":{"line":95,"column":27},"end":{"line":95,"column":41}},"46":{"start":{"line":96,"column":12},"end":{"line":98,"column":13}},"47":{"start":{"line":97,"column":16},"end":{"line":97,"column":53}},"48":{"start":{"line":99,"column":12},"end":{"line":99,"column":42}},"49":{"start":{"line":101,"column":12},"end":{"line":101,"column":86}},"50":{"start":{"line":102,"column":12},"end":{"line":102,"column":24}},"51":{"start":{"line":104,"column":8},"end":{"line":104,"column":31}},"52":{"start":{"line":109,"column":8},"end":{"line":109,"column":42}},"53":{"start":{"line":110,"column":8},"end":{"line":110,"column":31}},"54":{"start":{"line":115,"column":8},"end":{"line":115,"column":43}},"55":{"start":{"line":116,"column":8},"end":{"line":116,"column":30}},"56":{"start":{"line":121,"column":8},"end":{"line":121,"column":47}},"57":{"start":{"line":122,"column":8},"end":{"line":122,"column":56}},"58":{"start":{"line":127,"column":8},"end":{"line":127,"column":48}},"59":{"start":{"line":128,"column":8},"end":{"line":128,"column":55}},"60":{"start":{"line":133,"column":25},"end":{"line":133,"column":54}},"61":{"start":{"line":134,"column":25},"end":{"line":134,"column":27}},"62":{"start":{"line":135,"column":8},"end":{"line":140,"column":9}},"63":{"start":{"line":136,"column":28},"end":{"line":136,"column":39}},"64":{"start":{"line":137,"column":12},"end":{"line":139,"column":13}},"65":{"start":{"line":138,"column":16},"end":{"line":138,"column":39}},"66":{"start":{"line":141,"column":8},"end":{"line":141,"column":24}},"67":{"start":{"line":146,"column":8},"end":{"line":146,"column":61}},"68":{"start":{"line":147,"column":5},"end":{"line":147,"column":60}},"69":{"start":{"line":152,"column":30},"end":{"line":152,"column":79}},"70":{"start":{"line":153,"column":8},"end":{"line":153,"column":43}},"71":{"start":{"line":155,"column":8},"end":{"line":164,"column":9}},"72":{"start":{"line":156,"column":29},"end":{"line":156,"column":95}},"73":{"start":{"line":157,"column":30},"end":{"line":157,"column":71}},"74":{"start":{"line":158,"column":12},"end":{"line":160,"column":13}},"75":{"start":{"line":159,"column":16},"end":{"line":159,"column":25}},"76":{"start":{"line":161,"column":12},"end":{"line":161,"column":57}},"77":{"start":{"line":162,"column":12},"end":{"line":162,"column":35}},"78":{"start":{"line":163,"column":12},"end":{"line":163,"column":18}},"79":{"start":{"line":169,"column":29},"end":{"line":169,"column":69}},"80":{"start":{"line":172,"column":8},"end":{"line":172,"column":55}},"81":{"start":{"line":175,"column":8},"end":{"line":177,"column":11}},"82":{"start":{"line":176,"column":12},"end":{"line":176,"column":59}},"83":{"start":{"line":182,"column":24},"end":{"line":182,"column":57}},"84":{"start":{"line":185,"column":8},"end":{"line":185,"column":44}},"85":{"start":{"line":187,"column":16},"end":{"line":187,"column":49}},"86":{"start":{"line":188,"column":16},"end":{"line":188,"column":34}},"87":{"start":{"line":190,"column":8},"end":{"line":190,"column":19}},"88":{"start":{"line":191,"column":8},"end":{"line":191,"column":33}},"89":{"start":{"line":192,"column":8},"end":{"line":192,"column":33}},"90":{"start":{"line":193,"column":23},"end":{"line":193,"column":34}},"91":{"start":{"line":195,"column":8},"end":{"line":195,"column":66}},"92":{"start":{"line":198,"column":8},"end":{"line":200,"column":10}},"93":{"start":{"line":199,"column":12},"end":{"line":199,"column":53}},"94":{"start":{"line":203,"column":8},"end":{"line":216,"column":11}},"95":{"start":{"line":204,"column":12},"end":{"line":204,"column":53}},"96":{"start":{"line":206,"column":22},"end":{"line":206,"column":58}},"97":{"start":{"line":207,"column":22},"end":{"line":207,"column":42}},"98":{"start":{"line":208,"column":12},"end":{"line":208,"column":27}},"99":{"start":{"line":209,"column":12},"end":{"line":209,"column":45}},"100":{"start":{"line":210,"column":12},"end":{"line":210,"column":45}},"101":{"start":{"line":212,"column":27},"end":{"line":212,"column":42}},"102":{"start":{"line":214,"column":12},"end":{"line":214,"column":87}},"103":{"start":{"line":215,"column":12},"end":{"line":215,"column":73}},"104":{"start":{"line":221,"column":8},"end":{"line":221,"column":52}},"105":{"start":{"line":226,"column":8},"end":{"line":226,"column":55}},"106":{"start":{"line":231,"column":8},"end":{"line":231,"column":53}},"107":{"start":{"line":236,"column":8},"end":{"line":236,"column":50}},"108":{"start":{"line":241,"column":8},"end":{"line":247,"column":9}},"109":{"start":{"line":242,"column":25},"end":{"line":242,"column":48}},"110":{"start":{"line":243,"column":29},"end":{"line":243,"column":46}},"111":{"start":{"line":244,"column":12},"end":{"line":244,"column":28}},"112":{"start":{"line":246,"column":12},"end":{"line":246,"column":51}}},"fnMap":{"0":{"name":"(anonymous_0)","decl":{"start":{"line":19,"column":4},"end":{"line":19,"column":5}},"loc":{"start":{"line":19,"column":38},"end":{"line":55,"column":5}},"line":19},"1":{"name":"(anonymous_1)","decl":{"start":{"line":29,"column":32},"end":{"line":29,"column":33}},"loc":{"start":{"line":29,"column":46},"end":{"line":54,"column":9}},"line":29},"2":{"name":"(anonymous_2)","decl":{"start":{"line":58,"column":4},"end":{"line":58,"column":5}},"loc":{"start":{"line":58,"column":28},"end":{"line":67,"column":5}},"line":58},"3":{"name":"(anonymous_3)","decl":{"start":{"line":63,"column":41},"end":{"line":63,"column":42}},"loc":{"start":{"line":63,"column":47},"end":{"line":65,"column":9}},"line":63},"4":{"name":"(anonymous_4)","decl":{"start":{"line":70,"column":4},"end":{"line":70,"column":5}},"loc":{"start":{"line":70,"column":32},"end":{"line":79,"column":5}},"line":70},"5":{"name":"(anonymous_5)","decl":{"start":{"line":82,"column":4},"end":{"line":82,"column":5}},"loc":{"start":{"line":82,"column":15},"end":{"line":89,"column":5}},"line":82},"6":{"name":"(anonymous_6)","decl":{"start":{"line":92,"column":4},"end":{"line":92,"column":5}},"loc":{"start":{"line":92,"column":15},"end":{"line":105,"column":5}},"line":92},"7":{"name":"(anonymous_7)","decl":{"start":{"line":108,"column":4},"end":{"line":108,"column":5}},"loc":{"start":{"line":108,"column":11},"end":{"line":111,"column":5}},"line":108},"8":{"name":"(anonymous_8)","decl":{"start":{"line":114,"column":4},"end":{"line":114,"column":5}},"loc":{"start":{"line":114,"column":12},"end":{"line":117,"column":5}},"line":114},"9":{"name":"(anonymous_9)","decl":{"start":{"line":120,"column":4},"end":{"line":120,"column":5}},"loc":{"start":{"line":120,"column":22},"end":{"line":123,"column":5}},"line":120},"10":{"name":"(anonymous_10)","decl":{"start":{"line":126,"column":4},"end":{"line":126,"column":5}},"loc":{"start":{"line":126,"column":21},"end":{"line":129,"column":5}},"line":126},"11":{"name":"(anonymous_11)","decl":{"start":{"line":132,"column":4},"end":{"line":132,"column":5}},"loc":{"start":{"line":132,"column":19},"end":{"line":142,"column":5}},"line":132},"12":{"name":"(anonymous_12)","decl":{"start":{"line":145,"column":4},"end":{"line":145,"column":5}},"loc":{"start":{"line":145,"column":40},"end":{"line":148,"column":5}},"line":145},"13":{"name":"(anonymous_13)","decl":{"start":{"line":151,"column":4},"end":{"line":151,"column":5}},"loc":{"start":{"line":151,"column":18},"end":{"line":165,"column":5}},"line":151},"14":{"name":"(anonymous_14)","decl":{"start":{"line":168,"column":4},"end":{"line":168,"column":5}},"loc":{"start":{"line":168,"column":31},"end":{"line":178,"column":5}},"line":168},"15":{"name":"(anonymous_15)","decl":{"start":{"line":175,"column":47},"end":{"line":175,"column":48}},"loc":{"start":{"line":175,"column":59},"end":{"line":177,"column":9}},"line":175},"16":{"name":"(anonymous_16)","decl":{"start":{"line":181,"column":4},"end":{"line":181,"column":5}},"loc":{"start":{"line":181,"column":30},"end":{"line":217,"column":5}},"line":181},"17":{"name":"(anonymous_17)","decl":{"start":{"line":198,"column":26},"end":{"line":198,"column":27}},"loc":{"start":{"line":198,"column":38},"end":{"line":200,"column":9}},"line":198},"18":{"name":"(anonymous_18)","decl":{"start":{"line":203,"column":52},"end":{"line":203,"column":53}},"loc":{"start":{"line":203,"column":64},"end":{"line":216,"column":9}},"line":203},"19":{"name":"(anonymous_19)","decl":{"start":{"line":220,"column":4},"end":{"line":220,"column":5}},"loc":{"start":{"line":220,"column":21},"end":{"line":222,"column":5}},"line":220},"20":{"name":"(anonymous_20)","decl":{"start":{"line":225,"column":4},"end":{"line":225,"column":5}},"loc":{"start":{"line":225,"column":24},"end":{"line":227,"column":5}},"line":225},"21":{"name":"(anonymous_21)","decl":{"start":{"line":230,"column":4},"end":{"line":230,"column":5}},"loc":{"start":{"line":230,"column":22},"end":{"line":232,"column":5}},"line":230},"22":{"name":"(anonymous_22)","decl":{"start":{"line":235,"column":4},"end":{"line":235,"column":5}},"loc":{"start":{"line":235,"column":19},"end":{"line":237,"column":5}},"line":235},"23":{"name":"(anonymous_23)","decl":{"start":{"line":240,"column":4},"end":{"line":240,"column":5}},"loc":{"start":{"line":240,"column":24},"end":{"line":248,"column":5}},"line":240}},"branchMap":{"0":{"loc":{"start":{"line":37,"column":16},"end":{"line":39,"column":17}},"type":"if","locations":[{"start":{"line":37,"column":16},"end":{"line":39,"column":17}},{"start":{},"end":{}}],"line":37},"1":{"loc":{"start":{"line":83,"column":8},"end":{"line":87,"column":9}},"type":"if","locations":[{"start":{"line":83,"column":8},"end":{"line":87,"column":9}},{"start":{},"end":{}}],"line":83},"2":{"loc":{"start":{"line":93,"column":8},"end":{"line":103,"column":9}},"type":"if","locations":[{"start":{"line":93,"column":8},"end":{"line":103,"column":9}},{"start":{},"end":{}}],"line":93},"3":{"loc":{"start":{"line":96,"column":12},"end":{"line":98,"column":13}},"type":"if","locations":[{"start":{"line":96,"column":12},"end":{"line":98,"column":13}},{"start":{},"end":{}}],"line":96},"4":{"loc":{"start":{"line":137,"column":12},"end":{"line":139,"column":13}},"type":"if","locations":[{"start":{"line":137,"column":12},"end":{"line":139,"column":13}},{"start":{},"end":{}}],"line":137},"5":{"loc":{"start":{"line":158,"column":12},"end":{"line":160,"column":13}},"type":"if","locations":[{"start":{"line":158,"column":12},"end":{"line":160,"column":13}},{"start":{},"end":{}}],"line":158},"6":{"loc":{"start":{"line":158,"column":16},"end":{"line":158,"column":65}},"type":"binary-expr","locations":[{"start":{"line":158,"column":16},"end":{"line":158,"column":39}},{"start":{"line":158,"column":43},"end":{"line":158,"column":65}}],"line":158},"7":{"loc":{"start":{"line":191,"column":12},"end":{"line":191,"column":32}},"type":"cond-expr","locations":[{"start":{"line":191,"column":21},"end":{"line":191,"column":28}},{"start":{"line":191,"column":31},"end":{"line":191,"column":32}}],"line":191},"8":{"loc":{"start":{"line":192,"column":12},"end":{"line":192,"column":32}},"type":"cond-expr","locations":[{"start":{"line":192,"column":21},"end":{"line":192,"column":28}},{"start":{"line":192,"column":31},"end":{"line":192,"column":32}}],"line":192},"9":{"loc":{"start":{"line":209,"column":18},"end":{"line":209,"column":44}},"type":"cond-expr","locations":[{"start":{"line":209,"column":29},"end":{"line":209,"column":38}},{"start":{"line":209,"column":41},"end":{"line":209,"column":44}}],"line":209},"10":{"loc":{"start":{"line":210,"column":18},"end":{"line":210,"column":44}},"type":"cond-expr","locations":[{"start":{"line":210,"column":29},"end":{"line":210,"column":38}},{"start":{"line":210,"column":41},"end":{"line":210,"column":44}}],"line":210}},"s":{"0":4,"1":4,"2":4,"3":4,"4":4,"5":4,"6":4,"7":4,"8":4,"9":4,"10":4,"11":4,"12":4,"13":4,"14":4,"15":8,"16":4,"17":8,"18":8,"19":8,"20":8,"21":8,"22":4,"23":8,"24":4,"25":8,"26":8,"27":8,"28":8,"29":8,"30":0,"31":8,"32":3,"33":3,"34":3,"35":3,"36":3,"37":3,"38":1,"39":1,"40":1,"41":1,"42":1,"43":1,"44":1,"45":1,"46":1,"47":0,"48":1,"49":1,"50":1,"51":1,"52":2,"53":2,"54":5,"55":5,"56":4,"57":4,"58":5,"59":5,"60":0,"61":0,"62":0,"63":0,"64":0,"65":0,"66":0,"67":0,"68":0,"69":0,"70":0,"71":0,"72":0,"73":0,"74":0,"75":0,"76":0,"77":0,"78":0,"79":0,"80":0,"81":0,"82":0,"83":0,"84":0,"85":0,"86":0,"87":0,"88":0,"89":0,"90":0,"91":0,"92":0,"93":0,"94":0,"95":0,"96":0,"97":0,"98":0,"99":0,"100":0,"101":0,"102":0,"103":0,"104":0,"105":0,"106":0,"107":0,"108":4,"109":4,"110":4,"111":4,"112":0},"f":{"0":4,"1":4,"2":8,"3":0,"4":3,"5":1,"6":1,"7":2,"8":5,"9":4,"10":5,"11":0,"12":0,"13":0,"14":0,"15":0,"16":0,"17":0,"18":0,"19":0,"20":0,"21":0,"22":0,"23":4},"b":{"0":[4,4],"1":[1,0],"2":[1,0],"3":[0,1],"4":[0,0],"5":[0,0],"6":[0,0],"7":[0,0],"8":[0,0],"9":[0,0],"10":[0,0]},"_coverageSchema":"1a1c01bbd47fc00a2c39e90264f33305004495a9","hash":"b968a4ffbf52ccc5a468503c9f64278507ca8f64"}
,"/mnt/g/CovidMemories/public/index.js": {"path":"/mnt/g/CovidMemories/public/index.js","statementMap":{"0":{"start":{"line":5,"column":0},"end":{"line":25,"column":3}},"1":{"start":{"line":6,"column":21},"end":{"line":6,"column":59}},"2":{"start":{"line":7,"column":12},"end":{"line":7,"column":13}},"3":{"start":{"line":8,"column":12},"end":{"line":8,"column":13}},"4":{"start":{"line":9,"column":11},"end":{"line":9,"column":12}},"5":{"start":{"line":10,"column":11},"end":{"line":10,"column":12}},"6":{"start":{"line":12,"column":14},"end":{"line":17,"column":2}},"7":{"start":{"line":13,"column":2},"end":{"line":13,"column":28}},"8":{"start":{"line":14,"column":2},"end":{"line":14,"column":28}},"9":{"start":{"line":15,"column":2},"end":{"line":15,"column":90}},"10":{"start":{"line":16,"column":2},"end":{"line":16,"column":30}},"11":{"start":{"line":19,"column":1},"end":{"line":22,"column":4}},"12":{"start":{"line":20,"column":2},"end":{"line":20,"column":22}},"13":{"start":{"line":21,"column":2},"end":{"line":21,"column":22}},"14":{"start":{"line":24,"column":1},"end":{"line":24,"column":8}},"15":{"start":{"line":29,"column":1},"end":{"line":29,"column":14}},"16":{"start":{"line":34,"column":1},"end":{"line":34,"column":15}},"17":{"start":{"line":39,"column":1},"end":{"line":39,"column":18}},"18":{"start":{"line":44,"column":1},"end":{"line":44,"column":18}},"19":{"start":{"line":49,"column":1},"end":{"line":49,"column":21}},"20":{"start":{"line":53,"column":1},"end":{"line":53,"column":80}},"21":{"start":{"line":56,"column":17},"end":{"line":56,"column":64}},"22":{"start":{"line":57,"column":1},"end":{"line":57,"column":72}},"23":{"start":{"line":57,"column":27},"end":{"line":57,"column":70}},"24":{"start":{"line":60,"column":22},"end":{"line":60,"column":55}},"25":{"start":{"line":61,"column":1},"end":{"line":63,"column":2}},"26":{"start":{"line":62,"column":3},"end":{"line":62,"column":50}},"27":{"start":{"line":70,"column":1},"end":{"line":73,"column":3}},"28":{"start":{"line":71,"column":2},"end":{"line":71,"column":33}},"29":{"start":{"line":72,"column":2},"end":{"line":72,"column":66}},"30":{"start":{"line":74,"column":1},"end":{"line":76,"column":3}},"31":{"start":{"line":75,"column":2},"end":{"line":75,"column":71}},"32":{"start":{"line":77,"column":1},"end":{"line":79,"column":3}},"33":{"start":{"line":78,"column":2},"end":{"line":78,"column":70}},"34":{"start":{"line":80,"column":1},"end":{"line":82,"column":3}},"35":{"start":{"line":81,"column":2},"end":{"line":81,"column":61}},"36":{"start":{"line":83,"column":1},"end":{"line":85,"column":3}},"37":{"start":{"line":84,"column":2},"end":{"line":84,"column":71}},"38":{"start":{"line":86,"column":1},"end":{"line":88,"column":3}},"39":{"start":{"line":87,"column":2},"end":{"line":87,"column":13}},"40":{"start":{"line":89,"column":1},"end":{"line":91,"column":3}},"41":{"start":{"line":90,"column":2},"end":{"line":90,"column":9}},"42":{"start":{"line":92,"column":1},"end":{"line":94,"column":3}},"43":{"start":{"line":93,"column":2},"end":{"line":93,"column":10}},"44":{"start":{"line":95,"column":1},"end":{"line":97,"column":3}},"45":{"start":{"line":96,"column":2},"end":{"line":96,"column":13}},"46":{"start":{"line":98,"column":1},"end":{"line":100,"column":3}},"47":{"start":{"line":99,"column":2},"end":{"line":99,"column":16}},"48":{"start":{"line":101,"column":1},"end":{"line":103,"column":3}},"49":{"start":{"line":102,"column":2},"end":{"line":102,"column":10}},"50":{"start":{"line":104,"column":1},"end":{"line":106,"column":3}},"51":{"start":{"line":105,"column":2},"end":{"line":105,"column":11}},"52":{"start":{"line":108,"column":1},"end":{"line":108,"column":41}},"53":{"start":{"line":113,"column":1},"end":{"line":113,"column":31}},"54":{"start":{"line":114,"column":1},"end":{"line":114,"column":38}},"55":{"start":{"line":115,"column":19},"end":{"line":115,"column":30}},"56":{"start":{"line":116,"column":1},"end":{"line":116,"column":41}},"57":{"start":{"line":121,"column":22},"end":{"line":126,"column":2}},"58":{"start":{"line":127,"column":1},"end":{"line":149,"column":4}},"59":{"start":{"line":133,"column":3},"end":{"line":135,"column":4}},"60":{"start":{"line":134,"column":4},"end":{"line":134,"column":43}},"61":{"start":{"line":138,"column":2},"end":{"line":148,"column":3}},"62":{"start":{"line":139,"column":3},"end":{"line":147,"column":4}},"63":{"start":{"line":140,"column":4},"end":{"line":140,"column":27}},"64":{"start":{"line":141,"column":10},"end":{"line":147,"column":4}},"65":{"start":{"line":142,"column":4},"end":{"line":142,"column":30}},"66":{"start":{"line":143,"column":10},"end":{"line":147,"column":4}},"67":{"start":{"line":144,"column":4},"end":{"line":144,"column":28}},"68":{"start":{"line":146,"column":4},"end":{"line":146,"column":25}},"69":{"start":{"line":153,"column":1},"end":{"line":196,"column":4}},"70":{"start":{"line":170,"column":20},"end":{"line":170,"column":64}},"71":{"start":{"line":171,"column":22},"end":{"line":171,"column":68}},"72":{"start":{"line":172,"column":20},"end":{"line":172,"column":64}},"73":{"start":{"line":173,"column":26},"end":{"line":173,"column":76}},"74":{"start":{"line":176,"column":3},"end":{"line":176,"column":61}},"75":{"start":{"line":179,"column":2},"end":{"line":195,"column":3}},"76":{"start":{"line":182,"column":15},"end":{"line":182,"column":77}},"77":{"start":{"line":183,"column":3},"end":{"line":183,"column":221}},"78":{"start":{"line":184,"column":3},"end":{"line":184,"column":64}},"79":{"start":{"line":185,"column":3},"end":{"line":185,"column":52}},"80":{"start":{"line":186,"column":3},"end":{"line":186,"column":50}},"81":{"start":{"line":187,"column":3},"end":{"line":187,"column":56}},"82":{"start":{"line":189,"column":3},"end":{"line":194,"column":6}},"83":{"start":{"line":201,"column":18},"end":{"line":201,"column":36}},"84":{"start":{"line":203,"column":1},"end":{"line":208,"column":2}},"85":{"start":{"line":204,"column":2},"end":{"line":206,"column":5}},"86":{"start":{"line":207,"column":2},"end":{"line":207,"column":9}},"87":{"start":{"line":210,"column":22},"end":{"line":213,"column":2}},"88":{"start":{"line":215,"column":33},"end":{"line":219,"column":3}},"89":{"start":{"line":221,"column":1},"end":{"line":223,"column":2}},"90":{"start":{"line":222,"column":2},"end":{"line":222,"column":9}},"91":{"start":{"line":224,"column":1},"end":{"line":226,"column":2}},"92":{"start":{"line":225,"column":2},"end":{"line":225,"column":18}},"93":{"start":{"line":230,"column":18},"end":{"line":230,"column":20}},"94":{"start":{"line":231,"column":17},"end":{"line":234,"column":2}},"95":{"start":{"line":235,"column":1},"end":{"line":239,"column":2}},"96":{"start":{"line":235,"column":14},"end":{"line":235,"column":15}},"97":{"start":{"line":236,"column":16},"end":{"line":236,"column":26}},"98":{"start":{"line":237,"column":2},"end":{"line":237,"column":66}},"99":{"start":{"line":238,"column":2},"end":{"line":238,"column":34}},"100":{"start":{"line":240,"column":30},"end":{"line":251,"column":3}},"101":{"start":{"line":245,"column":18},"end":{"line":245,"column":20}},"102":{"start":{"line":246,"column":3},"end":{"line":248,"column":4}},"103":{"start":{"line":246,"column":16},"end":{"line":246,"column":17}},"104":{"start":{"line":247,"column":4},"end":{"line":247,"column":67}},"105":{"start":{"line":249,"column":3},"end":{"line":249,"column":19}},"106":{"start":{"line":254,"column":1},"end":{"line":254,"column":24}},"107":{"start":{"line":254,"column":17},"end":{"line":254,"column":24}},"108":{"start":{"line":257,"column":13},"end":{"line":257,"column":20}},"109":{"start":{"line":258,"column":1},"end":{"line":261,"column":2}},"110":{"start":{"line":258,"column":14},"end":{"line":258,"column":15}},"111":{"start":{"line":259,"column":16},"end":{"line":259,"column":26}},"112":{"start":{"line":260,"column":2},"end":{"line":260,"column":39}},"113":{"start":{"line":262,"column":1},"end":{"line":262,"column":72}},"114":{"start":{"line":263,"column":14},"end":{"line":265,"column":2}},"115":{"start":{"line":266,"column":18},"end":{"line":266,"column":35}},"116":{"start":{"line":267,"column":19},"end":{"line":267,"column":43}},"117":{"start":{"line":268,"column":1},"end":{"line":273,"column":2}},"118":{"start":{"line":269,"column":2},"end":{"line":271,"column":5}},"119":{"start":{"line":272,"column":2},"end":{"line":272,"column":8}},"120":{"start":{"line":274,"column":1},"end":{"line":276,"column":4}},"121":{"start":{"line":278,"column":1},"end":{"line":278,"column":9}},"122":{"start":{"line":283,"column":18},"end":{"line":283,"column":36}},"123":{"start":{"line":285,"column":1},"end":{"line":290,"column":2}},"124":{"start":{"line":286,"column":2},"end":{"line":288,"column":5}},"125":{"start":{"line":289,"column":2},"end":{"line":289,"column":9}},"126":{"start":{"line":291,"column":34},"end":{"line":294,"column":3}},"127":{"start":{"line":296,"column":1},"end":{"line":296,"column":27}},"128":{"start":{"line":296,"column":21},"end":{"line":296,"column":27}},"129":{"start":{"line":299,"column":15},"end":{"line":299,"column":77}},"130":{"start":{"line":300,"column":14},"end":{"line":302,"column":2}},"131":{"start":{"line":303,"column":18},"end":{"line":303,"column":35}},"132":{"start":{"line":304,"column":19},"end":{"line":304,"column":43}},"133":{"start":{"line":305,"column":1},"end":{"line":310,"column":2}},"134":{"start":{"line":306,"column":2},"end":{"line":308,"column":5}},"135":{"start":{"line":309,"column":2},"end":{"line":309,"column":8}},"136":{"start":{"line":311,"column":1},"end":{"line":313,"column":4}},"137":{"start":{"line":315,"column":1},"end":{"line":315,"column":9}},"138":{"start":{"line":322,"column":1},"end":{"line":350,"column":2}},"139":{"start":{"line":323,"column":16},"end":{"line":323,"column":47}},"140":{"start":{"line":324,"column":2},"end":{"line":327,"column":3}},"141":{"start":{"line":325,"column":3},"end":{"line":325,"column":31}},"142":{"start":{"line":326,"column":3},"end":{"line":326,"column":9}},"143":{"start":{"line":328,"column":16},"end":{"line":328,"column":42}},"144":{"start":{"line":330,"column":15},"end":{"line":332,"column":3}},"145":{"start":{"line":333,"column":19},"end":{"line":333,"column":36}},"146":{"start":{"line":334,"column":22},"end":{"line":334,"column":42}},"147":{"start":{"line":336,"column":2},"end":{"line":346,"column":3}},"148":{"start":{"line":337,"column":3},"end":{"line":337,"column":25}},"149":{"start":{"line":340,"column":7},"end":{"line":346,"column":3}},"150":{"start":{"line":341,"column":3},"end":{"line":341,"column":31}},"151":{"start":{"line":345,"column":3},"end":{"line":345,"column":39}},"152":{"start":{"line":349,"column":2},"end":{"line":349,"column":48}},"153":{"start":{"line":355,"column":1},"end":{"line":365,"column":2}},"154":{"start":{"line":356,"column":16},"end":{"line":356,"column":24}},"155":{"start":{"line":357,"column":15},"end":{"line":359,"column":3}},"156":{"start":{"line":360,"column":19},"end":{"line":360,"column":36}},"157":{"start":{"line":361,"column":2},"end":{"line":361,"column":29}},"158":{"start":{"line":364,"column":2},"end":{"line":364,"column":53}}},"fnMap":{"0":{"name":"(anonymous_0)","decl":{"start":{"line":5,"column":46},"end":{"line":5,"column":47}},"loc":{"start":{"line":5,"column":52},"end":{"line":25,"column":1}},"line":5},"1":{"name":"(anonymous_1)","decl":{"start":{"line":12,"column":14},"end":{"line":12,"column":15}},"loc":{"start":{"line":12,"column":20},"end":{"line":17,"column":2}},"line":12},"2":{"name":"(anonymous_2)","decl":{"start":{"line":19,"column":38},"end":{"line":19,"column":39}},"loc":{"start":{"line":19,"column":49},"end":{"line":22,"column":2}},"line":19},"3":{"name":"play","decl":{"start":{"line":28,"column":16},"end":{"line":28,"column":20}},"loc":{"start":{"line":28,"column":23},"end":{"line":30,"column":1}},"line":28},"4":{"name":"pause","decl":{"start":{"line":33,"column":16},"end":{"line":33,"column":21}},"loc":{"start":{"line":33,"column":24},"end":{"line":35,"column":1}},"line":33},"5":{"name":"playPrev","decl":{"start":{"line":38,"column":16},"end":{"line":38,"column":24}},"loc":{"start":{"line":38,"column":27},"end":{"line":40,"column":1}},"line":38},"6":{"name":"playNext","decl":{"start":{"line":43,"column":16},"end":{"line":43,"column":24}},"loc":{"start":{"line":43,"column":27},"end":{"line":45,"column":1}},"line":43},"7":{"name":"randomTrack","decl":{"start":{"line":48,"column":9},"end":{"line":48,"column":20}},"loc":{"start":{"line":48,"column":23},"end":{"line":50,"column":1}},"line":48},"8":{"name":"changeWallpaper","decl":{"start":{"line":52,"column":9},"end":{"line":52,"column":24}},"loc":{"start":{"line":52,"column":45},"end":{"line":64,"column":1}},"line":52},"9":{"name":"(anonymous_9)","decl":{"start":{"line":57,"column":17},"end":{"line":57,"column":18}},"loc":{"start":{"line":57,"column":27},"end":{"line":57,"column":70}},"line":57},"10":{"name":"populatePlayListContentTable","decl":{"start":{"line":68,"column":16},"end":{"line":68,"column":44}},"loc":{"start":{"line":68,"column":67},"end":{"line":109,"column":1}},"line":68},"11":{"name":"(anonymous_11)","decl":{"start":{"line":70,"column":51},"end":{"line":70,"column":52}},"loc":{"start":{"line":70,"column":57},"end":{"line":73,"column":2}},"line":70},"12":{"name":"(anonymous_12)","decl":{"start":{"line":74,"column":51},"end":{"line":74,"column":52}},"loc":{"start":{"line":74,"column":57},"end":{"line":76,"column":2}},"line":74},"13":{"name":"(anonymous_13)","decl":{"start":{"line":77,"column":51},"end":{"line":77,"column":52}},"loc":{"start":{"line":77,"column":57},"end":{"line":79,"column":2}},"line":77},"14":{"name":"(anonymous_14)","decl":{"start":{"line":80,"column":51},"end":{"line":80,"column":52}},"loc":{"start":{"line":80,"column":57},"end":{"line":82,"column":2}},"line":80},"15":{"name":"(anonymous_15)","decl":{"start":{"line":83,"column":51},"end":{"line":83,"column":52}},"loc":{"start":{"line":83,"column":57},"end":{"line":85,"column":2}},"line":83},"16":{"name":"(anonymous_16)","decl":{"start":{"line":86,"column":42},"end":{"line":86,"column":43}},"loc":{"start":{"line":86,"column":48},"end":{"line":88,"column":2}},"line":86},"17":{"name":"(anonymous_17)","decl":{"start":{"line":89,"column":43},"end":{"line":89,"column":44}},"loc":{"start":{"line":89,"column":49},"end":{"line":91,"column":2}},"line":89},"18":{"name":"(anonymous_18)","decl":{"start":{"line":92,"column":44},"end":{"line":92,"column":45}},"loc":{"start":{"line":92,"column":50},"end":{"line":94,"column":2}},"line":92},"19":{"name":"(anonymous_19)","decl":{"start":{"line":95,"column":42},"end":{"line":95,"column":43}},"loc":{"start":{"line":95,"column":48},"end":{"line":97,"column":2}},"line":95},"20":{"name":"(anonymous_20)","decl":{"start":{"line":98,"column":51},"end":{"line":98,"column":52}},"loc":{"start":{"line":98,"column":57},"end":{"line":100,"column":2}},"line":98},"21":{"name":"(anonymous_21)","decl":{"start":{"line":101,"column":50},"end":{"line":101,"column":51}},"loc":{"start":{"line":101,"column":56},"end":{"line":103,"column":2}},"line":101},"22":{"name":"(anonymous_22)","decl":{"start":{"line":104,"column":51},"end":{"line":104,"column":52}},"loc":{"start":{"line":104,"column":57},"end":{"line":106,"column":2}},"line":104},"23":{"name":"reset","decl":{"start":{"line":112,"column":9},"end":{"line":112,"column":14}},"loc":{"start":{"line":112,"column":17},"end":{"line":117,"column":1}},"line":112},"24":{"name":"modify","decl":{"start":{"line":120,"column":9},"end":{"line":120,"column":15}},"loc":{"start":{"line":120,"column":18},"end":{"line":150,"column":1}},"line":120},"25":{"name":"(anonymous_25)","decl":{"start":{"line":132,"column":18},"end":{"line":132,"column":19}},"loc":{"start":{"line":132,"column":29},"end":{"line":136,"column":3}},"line":132},"26":{"name":"(anonymous_26)","decl":{"start":{"line":137,"column":9},"end":{"line":137,"column":10}},"loc":{"start":{"line":137,"column":21},"end":{"line":149,"column":2}},"line":137},"27":{"name":"editHandler","decl":{"start":{"line":152,"column":16},"end":{"line":152,"column":27}},"loc":{"start":{"line":152,"column":74},"end":{"line":197,"column":1}},"line":152},"28":{"name":"(anonymous_28)","decl":{"start":{"line":168,"column":14},"end":{"line":168,"column":15}},"loc":{"start":{"line":168,"column":20},"end":{"line":177,"column":3}},"line":168},"29":{"name":"(anonymous_29)","decl":{"start":{"line":178,"column":9},"end":{"line":178,"column":10}},"loc":{"start":{"line":178,"column":21},"end":{"line":196,"column":2}},"line":178},"30":{"name":"addHandler","decl":{"start":{"line":200,"column":22},"end":{"line":200,"column":32}},"loc":{"start":{"line":200,"column":62},"end":{"line":279,"column":1}},"line":200},"31":{"name":"(anonymous_31)","decl":{"start":{"line":244,"column":14},"end":{"line":244,"column":15}},"loc":{"start":{"line":244,"column":20},"end":{"line":250,"column":3}},"line":244},"32":{"name":"deleteHandler","decl":{"start":{"line":282,"column":22},"end":{"line":282,"column":35}},"loc":{"start":{"line":282,"column":65},"end":{"line":316,"column":1}},"line":282},"33":{"name":"login","decl":{"start":{"line":321,"column":15},"end":{"line":321,"column":20}},"loc":{"start":{"line":321,"column":23},"end":{"line":351,"column":1}},"line":321},"34":{"name":"isLoggedIn","decl":{"start":{"line":354,"column":15},"end":{"line":354,"column":25}},"loc":{"start":{"line":354,"column":28},"end":{"line":366,"column":1}},"line":354}},"branchMap":{"0":{"loc":{"start":{"line":61,"column":1},"end":{"line":63,"column":2}},"type":"if","locations":[{"start":{"line":61,"column":1},"end":{"line":63,"column":2}},{"start":{},"end":{}}],"line":61},"1":{"loc":{"start":{"line":133,"column":3},"end":{"line":135,"column":4}},"type":"if","locations":[{"start":{"line":133,"column":3},"end":{"line":135,"column":4}},{"start":{},"end":{}}],"line":133},"2":{"loc":{"start":{"line":138,"column":2},"end":{"line":148,"column":3}},"type":"if","locations":[{"start":{"line":138,"column":2},"end":{"line":148,"column":3}},{"start":{},"end":{}}],"line":138},"3":{"loc":{"start":{"line":139,"column":3},"end":{"line":147,"column":4}},"type":"if","locations":[{"start":{"line":139,"column":3},"end":{"line":147,"column":4}},{"start":{"line":141,"column":10},"end":{"line":147,"column":4}}],"line":139},"4":{"loc":{"start":{"line":141,"column":10},"end":{"line":147,"column":4}},"type":"if","locations":[{"start":{"line":141,"column":10},"end":{"line":147,"column":4}},{"start":{"line":143,"column":10},"end":{"line":147,"column":4}}],"line":141},"5":{"loc":{"start":{"line":143,"column":10},"end":{"line":147,"column":4}},"type":"if","locations":[{"start":{"line":143,"column":10},"end":{"line":147,"column":4}},{"start":{"line":145,"column":10},"end":{"line":147,"column":4}}],"line":143},"6":{"loc":{"start":{"line":179,"column":2},"end":{"line":195,"column":3}},"type":"if","locations":[{"start":{"line":179,"column":2},"end":{"line":195,"column":3}},{"start":{},"end":{}}],"line":179},"7":{"loc":{"start":{"line":203,"column":1},"end":{"line":208,"column":2}},"type":"if","locations":[{"start":{"line":203,"column":1},"end":{"line":208,"column":2}},{"start":{},"end":{}}],"line":203},"8":{"loc":{"start":{"line":221,"column":1},"end":{"line":223,"column":2}},"type":"if","locations":[{"start":{"line":221,"column":1},"end":{"line":223,"column":2}},{"start":{},"end":{}}],"line":221},"9":{"loc":{"start":{"line":224,"column":1},"end":{"line":226,"column":2}},"type":"if","locations":[{"start":{"line":224,"column":1},"end":{"line":226,"column":2}},{"start":{},"end":{}}],"line":224},"10":{"loc":{"start":{"line":254,"column":1},"end":{"line":254,"column":24}},"type":"if","locations":[{"start":{"line":254,"column":1},"end":{"line":254,"column":24}},{"start":{},"end":{}}],"line":254},"11":{"loc":{"start":{"line":268,"column":1},"end":{"line":273,"column":2}},"type":"if","locations":[{"start":{"line":268,"column":1},"end":{"line":273,"column":2}},{"start":{},"end":{}}],"line":268},"12":{"loc":{"start":{"line":285,"column":1},"end":{"line":290,"column":2}},"type":"if","locations":[{"start":{"line":285,"column":1},"end":{"line":290,"column":2}},{"start":{},"end":{}}],"line":285},"13":{"loc":{"start":{"line":296,"column":1},"end":{"line":296,"column":27}},"type":"if","locations":[{"start":{"line":296,"column":1},"end":{"line":296,"column":27}},{"start":{},"end":{}}],"line":296},"14":{"loc":{"start":{"line":305,"column":1},"end":{"line":310,"column":2}},"type":"if","locations":[{"start":{"line":305,"column":1},"end":{"line":310,"column":2}},{"start":{},"end":{}}],"line":305},"15":{"loc":{"start":{"line":324,"column":2},"end":{"line":327,"column":3}},"type":"if","locations":[{"start":{"line":324,"column":2},"end":{"line":327,"column":3}},{"start":{},"end":{}}],"line":324},"16":{"loc":{"start":{"line":336,"column":2},"end":{"line":346,"column":3}},"type":"if","locations":[{"start":{"line":336,"column":2},"end":{"line":346,"column":3}},{"start":{"line":340,"column":7},"end":{"line":346,"column":3}}],"line":336},"17":{"loc":{"start":{"line":340,"column":7},"end":{"line":346,"column":3}},"type":"if","locations":[{"start":{"line":340,"column":7},"end":{"line":346,"column":3}},{"start":{"line":344,"column":7},"end":{"line":346,"column":3}}],"line":340}},"s":{"0":5,"1":0,"2":0,"3":0,"4":0,"5":0,"6":0,"7":0,"8":0,"9":0,"10":0,"11":0,"12":0,"13":0,"14":0,"15":2,"16":2,"17":1,"18":1,"19":1,"20":0,"21":0,"22":0,"23":0,"24":0,"25":0,"26":0,"27":2,"28":0,"29":0,"30":2,"31":0,"32":2,"33":0,"34":2,"35":0,"36":2,"37":0,"38":2,"39":1,"40":2,"41":1,"42":2,"43":1,"44":2,"45":1,"46":2,"47":1,"48":2,"49":0,"50":2,"51":0,"52":2,"53":0,"54":0,"55":0,"56":0,"57":0,"58":0,"59":0,"60":0,"61":0,"62":0,"63":0,"64":0,"65":0,"66":0,"67":0,"68":0,"69":0,"70":0,"71":0,"72":0,"73":0,"74":0,"75":0,"76":0,"77":0,"78":0,"79":0,"80":0,"81":0,"82":0,"83":0,"84":0,"85":0,"86":0,"87":0,"88":0,"89":0,"90":0,"91":0,"92":0,"93":0,"94":0,"95":0,"96":0,"97":0,"98":0,"99":0,"100":0,"101":0,"102":0,"103":0,"104":0,"105":0,"106":0,"107":0,"108":0,"109":0,"110":0,"111":0,"112":0,"113":0,"114":0,"115":0,"116":0,"117":0,"118":0,"119":0,"120":0,"121":0,"122":0,"123":0,"124":0,"125":0,"126":0,"127":0,"128":0,"129":0,"130":0,"131":0,"132":0,"133":0,"134":0,"135":0,"136":0,"137":0,"138":0,"139":0,"140":0,"141":0,"142":0,"143":0,"144":0,"145":0,"146":0,"147":0,"148":0,"149":0,"150":0,"151":0,"152":0,"153":0,"154":0,"155":0,"156":0,"157":0,"158":0},"f":{"0":0,"1":0,"2":0,"3":2,"4":2,"5":1,"6":1,"7":1,"8":0,"9":0,"10":2,"11":0,"12":0,"13":0,"14":0,"15":0,"16":1,"17":1,"18":1,"19":1,"20":1,"21":0,"22":0,"23":0,"24":0,"25":0,"26":0,"27":0,"28":0,"29":0,"30":0,"31":0,"32":0,"33":0,"34":0},"b":{"0":[0,0],"1":[0,0],"2":[0,0],"3":[0,0],"4":[0,0],"5":[0,0],"6":[0,0],"7":[0,0],"8":[0,0],"9":[0,0],"10":[0,0],"11":[0,0],"12":[0,0],"13":[0,0],"14":[0,0],"15":[0,0],"16":[0,0],"17":[0,0]},"_coverageSchema":"1a1c01bbd47fc00a2c39e90264f33305004495a9","hash":"e8cd8344f2ce3c5a680e4943604ad583f844a641"}
}
