TN:
SF:public/Playlist.js
FN:12,(anonymous_0)
FN:32,(anonymous_1)
FN:52,(anonymous_2)
FN:60,(anonymous_3)
FN:71,(anonymous_4)
FN:81,(anonymous_5)
FN:90,(anonymous_6)
FN:107,(anonymous_7)
FN:123,(anonymous_8)
FN:130,(anonymous_9)
FN:135,(anonymous_10)
FN:140,(anonymous_11)
FN:148,(anonymous_12)
FN:155,(anonymous_13)
FN:162,(anonymous_14)
FN:169,(anonymous_15)
FNF:16
FNH:3
FNDA:2,(anonymous_0)
FNDA:0,(anonymous_1)
FNDA:0,(anonymous_2)
FNDA:0,(anonymous_3)
FNDA:0,(anonymous_4)
FNDA:0,(anonymous_5)
FNDA:0,(anonymous_6)
FNDA:0,(anonymous_7)
FNDA:1,(anonymous_8)
FNDA:0,(anonymous_9)
FNDA:1,(anonymous_10)
FNDA:0,(anonymous_11)
FNDA:0,(anonymous_12)
FNDA:0,(anonymous_13)
FNDA:0,(anonymous_14)
FNDA:0,(anonymous_15)
DA:13,2
DA:14,2
DA:15,2
DA:16,2
DA:17,2
DA:18,2
DA:20,2
DA:21,4
DA:22,4
DA:24,4
DA:25,0
DA:26,0
DA:33,0
DA:35,0
DA:36,0
DA:39,0
DA:45,0
DA:46,0
DA:47,0
DA:53,0
DA:54,0
DA:55,0
DA:61,0
DA:63,0
DA:64,0
DA:65,0
DA:66,0
DA:72,0
DA:73,0
DA:74,0
DA:75,0
DA:82,0
DA:83,0
DA:84,0
DA:91,0
DA:93,0
DA:94,0
DA:97,0
DA:98,0
DA:101,0
DA:102,0
DA:108,0
DA:110,0
DA:111,0
DA:114,0
DA:115,0
DA:118,0
DA:119,0
DA:124,1
DA:125,1
DA:126,1
DA:131,0
DA:136,1
DA:141,0
DA:142,0
DA:144,0
DA:149,0
DA:150,0
DA:156,0
DA:157,0
DA:163,0
DA:164,0
DA:170,0
DA:171,0
LF:64
LH:14
BRDA:24,0,0,0
BRDA:24,0,1,4
BRDA:35,1,0,0
BRDA:35,1,1,0
BRDA:74,2,0,0
BRDA:74,2,1,0
BRDA:93,3,0,0
BRDA:93,3,1,0
BRDA:97,4,0,0
BRDA:97,4,1,0
BRDA:110,5,0,0
BRDA:110,5,1,0
BRDA:114,6,0,0
BRDA:114,6,1,0
BRF:14
BRH:1
end_of_record
TN:
SF:public/Row.js
FN:36,(anonymous_0)
FN:68,(anonymous_1)
FN:75,(anonymous_2)
FN:83,(anonymous_3)
FN:102,(anonymous_4)
FN:126,(anonymous_5)
FN:133,(anonymous_6)
FN:140,(anonymous_7)
FN:156,(anonymous_8)
FN:162,(anonymous_9)
FN:171,(anonymous_10)
FN:174,(anonymous_11)
FN:181,(anonymous_12)
FN:184,(anonymous_13)
FN:191,(anonymous_14)
FN:194,(anonymous_15)
FN:201,(anonymous_16)
FN:203,(anonymous_17)
FN:209,(anonymous_18)
FN:218,(anonymous_19)
FN:224,(anonymous_20)
FN:230,(anonymous_21)
FN:236,(anonymous_22)
FN:246,(anonymous_23)
FN:253,(anonymous_24)
FNF:25
FNH:6
FNDA:6,(anonymous_0)
FNDA:0,(anonymous_1)
FNDA:0,(anonymous_2)
FNDA:0,(anonymous_3)
FNDA:0,(anonymous_4)
FNDA:0,(anonymous_5)
FNDA:0,(anonymous_6)
FNDA:0,(anonymous_7)
FNDA:0,(anonymous_8)
FNDA:0,(anonymous_9)
FNDA:0,(anonymous_10)
FNDA:0,(anonymous_11)
FNDA:0,(anonymous_12)
FNDA:0,(anonymous_13)
FNDA:1,(anonymous_14)
FNDA:1,(anonymous_15)
FNDA:0,(anonymous_16)
FNDA:0,(anonymous_17)
FNDA:0,(anonymous_18)
FNDA:0,(anonymous_19)
FNDA:0,(anonymous_20)
FNDA:0,(anonymous_21)
FNDA:1,(anonymous_22)
FNDA:2,(anonymous_23)
FNDA:1,(anonymous_24)
DA:37,6
DA:38,6
DA:39,6
DA:40,6
DA:41,6
DA:43,6
DA:44,6
DA:45,6
DA:46,6
DA:47,6
DA:48,6
DA:49,6
DA:50,6
DA:52,6
DA:54,6
DA:55,6
DA:56,6
DA:58,6
DA:60,6
DA:61,0
DA:62,0
DA:63,0
DA:64,0
DA:67,6
DA:68,6
DA:69,0
DA:70,0
DA:73,6
DA:74,6
DA:75,6
DA:77,0
DA:80,6
DA:82,6
DA:83,6
DA:84,0
DA:86,6
DA:88,6
DA:89,6
DA:91,6
DA:92,6
DA:94,6
DA:95,6
DA:97,6
DA:98,6
DA:103,0
DA:104,0
DA:105,0
DA:107,0
DA:108,0
DA:110,0
DA:111,0
DA:113,0
DA:114,0
DA:115,0
DA:116,0
DA:117,0
DA:118,0
DA:119,0
DA:121,0
DA:122,0
DA:124,0
DA:125,0
DA:126,0
DA:127,0
DA:129,0
DA:130,0
DA:132,0
DA:133,0
DA:134,0
DA:136,0
DA:137,0
DA:139,0
DA:140,0
DA:141,0
DA:142,0
DA:144,0
DA:145,0
DA:147,0
DA:148,0
DA:149,0
DA:151,0
DA:152,0
DA:157,0
DA:158,0
DA:163,0
DA:165,0
DA:166,0
DA:172,0
DA:173,0
DA:174,0
DA:175,0
DA:182,0
DA:183,0
DA:184,0
DA:185,0
DA:192,1
DA:193,1
DA:194,1
DA:195,1
DA:202,0
DA:203,0
DA:204,0
DA:210,0
DA:219,0
DA:220,0
DA:225,0
DA:226,0
DA:231,0
DA:232,0
DA:237,1
DA:238,1
DA:239,1
DA:240,1
DA:241,1
DA:242,1
DA:247,2
DA:248,2
DA:254,1
DA:255,0
DA:257,1
DA:258,1
DA:259,1
DA:260,1
LF:123
LH:53
BRDA:60,0,0,0
BRDA:60,0,1,6
BRDA:165,1,0,0
BRDA:165,1,1,0
BRDA:172,2,0,0
BRDA:172,2,1,0
BRDA:182,3,0,0
BRDA:182,3,1,0
BRDA:192,4,0,1
BRDA:192,4,1,0
BRDA:247,5,0,2
BRDA:247,5,1,0
BRDA:254,6,0,0
BRDA:254,6,1,1
BRF:14
BRH:4
end_of_record
TN:
SF:public/Table.js
FN:19,(anonymous_0)
FN:29,(anonymous_1)
FN:58,(anonymous_2)
FN:63,(anonymous_3)
FN:70,(anonymous_4)
FN:82,(anonymous_5)
FN:92,(anonymous_6)
FN:108,(anonymous_7)
FN:114,(anonymous_8)
FN:120,(anonymous_9)
FN:126,(anonymous_10)
FN:132,(anonymous_11)
FN:145,(anonymous_12)
FN:151,(anonymous_13)
FN:168,(anonymous_14)
FN:175,(anonymous_15)
FN:181,(anonymous_16)
FN:198,(anonymous_17)
FN:203,(anonymous_18)
FN:220,(anonymous_19)
FN:225,(anonymous_20)
FN:230,(anonymous_21)
FN:235,(anonymous_22)
FN:240,(anonymous_23)
FNF:24
FNH:11
FNDA:4,(anonymous_0)
FNDA:4,(anonymous_1)
FNDA:8,(anonymous_2)
FNDA:0,(anonymous_3)
FNDA:3,(anonymous_4)
FNDA:1,(anonymous_5)
FNDA:1,(anonymous_6)
FNDA:2,(anonymous_7)
FNDA:5,(anonymous_8)
FNDA:4,(anonymous_9)
FNDA:5,(anonymous_10)
FNDA:0,(anonymous_11)
FNDA:0,(anonymous_12)
FNDA:0,(anonymous_13)
FNDA:0,(anonymous_14)
FNDA:0,(anonymous_15)
FNDA:0,(anonymous_16)
FNDA:0,(anonymous_17)
FNDA:0,(anonymous_18)
FNDA:0,(anonymous_19)
FNDA:0,(anonymous_20)
FNDA:0,(anonymous_21)
FNDA:0,(anonymous_22)
FNDA:4,(anonymous_23)
DA:20,4
DA:21,4
DA:22,4
DA:23,4
DA:24,4
DA:25,4
DA:26,4
DA:27,4
DA:28,4
DA:29,4
DA:30,4
DA:31,4
DA:32,4
DA:33,4
DA:35,4
DA:37,8
DA:38,4
DA:40,8
DA:42,8
DA:43,8
DA:44,8
DA:46,8
DA:49,4
DA:50,8
DA:53,4
DA:59,8
DA:60,8
DA:61,8
DA:62,8
DA:63,8
DA:64,0
DA:66,8
DA:71,3
DA:73,3
DA:75,3
DA:76,3
DA:77,3
DA:78,3
DA:83,1
DA:84,1
DA:85,1
DA:86,1
DA:88,1
DA:93,1
DA:94,1
DA:95,1
DA:96,1
DA:97,0
DA:99,1
DA:101,1
DA:102,1
DA:104,1
DA:109,2
DA:110,2
DA:115,5
DA:116,5
DA:121,4
DA:122,4
DA:127,5
DA:128,5
DA:133,0
DA:134,0
DA:135,0
DA:136,0
DA:137,0
DA:138,0
DA:141,0
DA:146,0
DA:147,0
DA:152,0
DA:153,0
DA:155,0
DA:156,0
DA:157,0
DA:158,0
DA:159,0
DA:161,0
DA:162,0
DA:163,0
DA:169,0
DA:172,0
DA:175,0
DA:176,0
DA:182,0
DA:185,0
DA:187,0
DA:188,0
DA:190,0
DA:191,0
DA:192,0
DA:193,0
DA:195,0
DA:198,0
DA:199,0
DA:203,0
DA:204,0
DA:206,0
DA:207,0
DA:208,0
DA:209,0
DA:210,0
DA:212,0
DA:214,0
DA:215,0
DA:221,0
DA:226,0
DA:231,0
DA:236,0
DA:241,4
DA:242,4
DA:243,4
DA:244,4
DA:246,0
LF:113
LH:62
BRDA:37,0,0,4
BRDA:37,0,1,4
BRDA:83,1,0,1
BRDA:83,1,1,0
BRDA:93,2,0,1
BRDA:93,2,1,0
BRDA:96,3,0,0
BRDA:96,3,1,1
BRDA:137,4,0,0
BRDA:137,4,1,0
BRDA:158,5,0,0
BRDA:158,5,1,0
BRDA:158,6,0,0
BRDA:158,6,1,0
BRDA:191,7,0,0
BRDA:191,7,1,0
BRDA:192,8,0,0
BRDA:192,8,1,0
BRDA:209,9,0,0
BRDA:209,9,1,0
BRDA:210,10,0,0
BRDA:210,10,1,0
BRF:22
BRH:5
end_of_record
TN:
SF:public/index.js
FN:5,(anonymous_0)
FN:12,(anonymous_1)
FN:19,(anonymous_2)
FN:28,play
FN:33,pause
FN:38,playPrev
FN:43,playNext
FN:48,randomTrack
FN:52,changeWallpaper
FN:57,(anonymous_9)
FN:68,populatePlayListContentTable
FN:70,(anonymous_11)
FN:74,(anonymous_12)
FN:77,(anonymous_13)
FN:80,(anonymous_14)
FN:83,(anonymous_15)
FN:86,(anonymous_16)
FN:89,(anonymous_17)
FN:92,(anonymous_18)
FN:95,(anonymous_19)
FN:98,(anonymous_20)
FN:101,(anonymous_21)
FN:104,(anonymous_22)
FN:112,reset
FN:120,modify
FN:132,(anonymous_25)
FN:137,(anonymous_26)
FN:152,editHandler
FN:168,(anonymous_28)
FN:178,(anonymous_29)
FN:200,addHandler
FN:244,(anonymous_31)
FN:282,deleteHandler
FN:321,login
FN:354,isLoggedIn
FNF:35
FNH:11
FNDA:0,(anonymous_0)
FNDA:0,(anonymous_1)
FNDA:0,(anonymous_2)
FNDA:2,play
FNDA:2,pause
FNDA:1,playPrev
FNDA:1,playNext
FNDA:1,randomTrack
FNDA:0,changeWallpaper
FNDA:0,(anonymous_9)
FNDA:2,populatePlayListContentTable
FNDA:0,(anonymous_11)
FNDA:0,(anonymous_12)
FNDA:0,(anonymous_13)
FNDA:0,(anonymous_14)
FNDA:0,(anonymous_15)
FNDA:1,(anonymous_16)
FNDA:1,(anonymous_17)
FNDA:1,(anonymous_18)
FNDA:1,(anonymous_19)
FNDA:1,(anonymous_20)
FNDA:0,(anonymous_21)
FNDA:0,(anonymous_22)
FNDA:0,reset
FNDA:0,modify
FNDA:0,(anonymous_25)
FNDA:0,(anonymous_26)
FNDA:0,editHandler
FNDA:0,(anonymous_28)
FNDA:0,(anonymous_29)
FNDA:0,addHandler
FNDA:0,(anonymous_31)
FNDA:0,deleteHandler
FNDA:0,login
FNDA:0,isLoggedIn
DA:5,5
DA:6,0
DA:7,0
DA:8,0
DA:9,0
DA:10,0
DA:12,0
DA:13,0
DA:14,0
DA:15,0
DA:16,0
DA:19,0
DA:20,0
DA:21,0
DA:24,0
DA:29,2
DA:34,2
DA:39,1
DA:44,1
DA:49,1
DA:53,0
DA:56,0
DA:57,0
DA:60,0
DA:61,0
DA:62,0
DA:70,2
DA:71,0
DA:72,0
DA:74,2
DA:75,0
DA:77,2
DA:78,0
DA:80,2
DA:81,0
DA:83,2
DA:84,0
DA:86,2
DA:87,1
DA:89,2
DA:90,1
DA:92,2
DA:93,1
DA:95,2
DA:96,1
DA:98,2
DA:99,1
DA:101,2
DA:102,0
DA:104,2
DA:105,0
DA:108,2
DA:113,0
DA:114,0
DA:115,0
DA:116,0
DA:121,0
DA:127,0
DA:133,0
DA:134,0
DA:138,0
DA:139,0
DA:140,0
DA:141,0
DA:142,0
DA:143,0
DA:144,0
DA:146,0
DA:153,0
DA:170,0
DA:171,0
DA:172,0
DA:173,0
DA:176,0
DA:179,0
DA:182,0
DA:183,0
DA:184,0
DA:185,0
DA:186,0
DA:187,0
DA:189,0
DA:201,0
DA:203,0
DA:204,0
DA:207,0
DA:210,0
DA:215,0
DA:221,0
DA:222,0
DA:224,0
DA:225,0
DA:230,0
DA:231,0
DA:235,0
DA:236,0
DA:237,0
DA:238,0
DA:240,0
DA:245,0
DA:246,0
DA:247,0
DA:249,0
DA:254,0
DA:257,0
DA:258,0
DA:259,0
DA:260,0
DA:262,0
DA:263,0
DA:266,0
DA:267,0
DA:268,0
DA:269,0
DA:272,0
DA:274,0
DA:278,0
DA:283,0
DA:285,0
DA:286,0
DA:289,0
DA:291,0
DA:296,0
DA:299,0
DA:300,0
DA:303,0
DA:304,0
DA:305,0
DA:306,0
DA:309,0
DA:311,0
DA:315,0
DA:322,0
DA:323,0
DA:324,0
DA:325,0
DA:326,0
DA:328,0
DA:330,0
DA:333,0
DA:334,0
DA:336,0
DA:337,0
DA:340,0
DA:341,0
DA:345,0
DA:349,0
DA:355,0
DA:356,0
DA:357,0
DA:360,0
DA:361,0
DA:364,0
LF:153
LH:24
BRDA:61,0,0,0
BRDA:61,0,1,0
BRDA:133,1,0,0
BRDA:133,1,1,0
BRDA:138,2,0,0
BRDA:138,2,1,0
BRDA:139,3,0,0
BRDA:139,3,1,0
BRDA:141,4,0,0
BRDA:141,4,1,0
BRDA:143,5,0,0
BRDA:143,5,1,0
BRDA:179,6,0,0
BRDA:179,6,1,0
BRDA:203,7,0,0
BRDA:203,7,1,0
BRDA:221,8,0,0
BRDA:221,8,1,0
BRDA:224,9,0,0
BRDA:224,9,1,0
BRDA:254,10,0,0
BRDA:254,10,1,0
BRDA:268,11,0,0
BRDA:268,11,1,0
BRDA:285,12,0,0
BRDA:285,12,1,0
BRDA:296,13,0,0
BRDA:296,13,1,0
BRDA:305,14,0,0
BRDA:305,14,1,0
BRDA:324,15,0,0
BRDA:324,15,1,0
BRDA:336,16,0,0
BRDA:336,16,1,0
BRDA:340,17,0,0
BRDA:340,17,1,0
BRF:36
BRH:0
end_of_record
